Jul-17 11:30:00.785 [main] DEBUG nextflow.cli.Launcher - $> nextflow run nf-core/viralrecon -r 2.6.0 -profile singularity -c conf/wnv.config -params-file assets/wnv_params.yaml --input input/wnv-s_22-23_R1.1_sample_sheet.csv --outdir wnv-s_22-23_R1.1 --genome WNV_REF -resume
Jul-17 11:30:01.161 [main] DEBUG nextflow.cli.CmdRun - N E X T F L O W  ~  version 24.04.4
Jul-17 11:30:01.302 [main] DEBUG nextflow.plugin.PluginsFacade - Setting up plugin manager > mode=prod; embedded=false; plugins-dir=/scratch/alpine/rtk24@colostate.edu/plugins; core-plugins: nf-amazon@2.5.3,nf-azure@1.6.1,nf-cloudcache@0.4.1,nf-codecommit@0.2.1,nf-console@1.1.3,nf-ga4gh@1.3.0,nf-google@1.13.2-patch1,nf-tower@1.9.1,nf-wave@1.4.2-patch1
Jul-17 11:30:01.371 [main] INFO  o.pf4j.DefaultPluginStatusProvider - Enabled plugins: []
Jul-17 11:30:01.372 [main] INFO  o.pf4j.DefaultPluginStatusProvider - Disabled plugins: []
Jul-17 11:30:01.376 [main] INFO  org.pf4j.DefaultPluginManager - PF4J version 3.12.0 in 'deployment' mode
Jul-17 11:30:01.447 [main] INFO  org.pf4j.AbstractPluginManager - No plugins
Jul-17 11:30:01.508 [main] DEBUG nextflow.scm.ProviderConfig - Using SCM config path: /scratch/alpine/rtk24@colostate.edu/scm
Jul-17 11:30:03.213 [main] DEBUG nextflow.scm.AssetManager - Git config: /scratch/alpine/rtk24@colostate.edu/assets/nf-core/viralrecon/.git/config; branch: master; remote: origin; url: https://github.com/nf-core/viralrecon.git
Jul-17 11:30:03.249 [main] DEBUG nextflow.scm.RepositoryFactory - Found Git repository result: [RepositoryFactory]
Jul-17 11:30:03.261 [main] DEBUG nextflow.scm.AssetManager - Git config: /scratch/alpine/rtk24@colostate.edu/assets/nf-core/viralrecon/.git/config; branch: master; remote: origin; url: https://github.com/nf-core/viralrecon.git
Jul-17 11:30:05.257 [main] DEBUG nextflow.config.ConfigBuilder - Found config base: /scratch/alpine/rtk24@colostate.edu/assets/nf-core/viralrecon/nextflow.config
Jul-17 11:30:05.258 [main] DEBUG nextflow.config.ConfigBuilder - Found config local: /projects/rtk24@colostate.edu/proj_bioinformatics/viralrecon_nfc_NF/viralrecon/nextflow.config
Jul-17 11:30:05.334 [main] DEBUG nextflow.config.ConfigBuilder - User config file: /projects/rtk24@colostate.edu/proj_bioinformatics/viralrecon_nfc_NF/viralrecon/conf/wnv.config
Jul-17 11:30:05.335 [main] DEBUG nextflow.config.ConfigBuilder - Parsing config file: /scratch/alpine/rtk24@colostate.edu/assets/nf-core/viralrecon/nextflow.config
Jul-17 11:30:05.336 [main] DEBUG nextflow.config.ConfigBuilder - Parsing config file: /projects/rtk24@colostate.edu/proj_bioinformatics/viralrecon_nfc_NF/viralrecon/nextflow.config
Jul-17 11:30:05.336 [main] DEBUG nextflow.config.ConfigBuilder - Parsing config file: /projects/rtk24@colostate.edu/proj_bioinformatics/viralrecon_nfc_NF/viralrecon/conf/wnv.config
Jul-17 11:30:05.388 [main] DEBUG n.secret.LocalSecretsProvider - Secrets store: /scratch/alpine/rtk24@colostate.edu/secrets/store.json
Jul-17 11:30:05.403 [main] DEBUG nextflow.secret.SecretsLoader - Discovered secrets providers: [nextflow.secret.LocalSecretsProvider@8054fe2] - activable => nextflow.secret.LocalSecretsProvider@8054fe2
Jul-17 11:30:05.746 [main] DEBUG nextflow.config.ConfigBuilder - Applying config profile: `singularity`
Jul-17 11:30:07.763 [main] DEBUG nextflow.config.ConfigBuilder - Applying config profile: `singularity`
Jul-17 11:30:08.791 [main] DEBUG nextflow.config.ConfigBuilder - Applying config profile: `singularity`
Jul-17 11:30:08.918 [main] DEBUG nextflow.config.ConfigBuilder - Available config profiles: [bih, cfc_dev, uzl_omics, ifb_core, embl_hd, denbi_qbic, alice, mjolnir_globe, uppmax, giga, incliva, ilifu, ki_luria, uge, icr_alma, rosalind_uge, lugh, mccleary, unibe_ibu, vai, czbiohub_aws, jax, roslin, tes, scw, unc_longleaf, tigem, tubingen_apg, google, apollo, ipop_up, vsc_calcua, pdc_kth, googlels, ceci_nic5, ccga_cau, humantechnopole, stjude, daisybio, eddie, medair, biowulf, bi, bigpurple, adcra, cedars, test_full_nanopore, pawsey_setonix, vsc_kul_uhasselt, pawsey_nimbus, ucl_myriad, utd_ganymede, charliecloud, fred_hutch, seattlechildrens, icr_davros, ceres, munin, arm, rosalind, hasta, cfc, uzh, shu_bmrc, ebi_codon_slurm, ebc, ccga_dx, crick, ku_sund_danhead, marvin, biohpc_gen, shifter, mana, mamba, york_viking, unc_lccc, wehi, awsbatch, wustl_htcf, arcc, ceci_dragon2, imperial, maestro, software_license, cannon, genotoul, nci_gadi, abims, eva_grace, janelia, nu_genomics, googlebatch, oist, sahmri, kaust, alliance_canada, mpcdf, leicester, vsc_ugent, create, sage, cambridge, jex, podman, ebi_codon, cheaha, xanadu, nyu_hpc, test, marjorie, computerome, ucd_sonic, seg_globe, mssm, sanger, dkfz, bluebear, pasteur, einstein, ethz_euler, m3c, test_full, imb, test_sispa, ucl_cscluster, tuos_stanage, azurebatch, hki, seadragon, crukmi, csiro_petrichor, qmul_apocrita, docker, engaging, gis, hypatia, psmn, eva, unity, test_nanopore, cropdiversityhpc, nygc, fgcz, conda, crg, test_full_sispa, singularity, mpcdf_viper, pe2, self_hosted_runner, tufts, uw_hyak_pedslabs, binac2, debug, genouest, cbe, unsw_katana, utd_juno, phoenix, gitpod, test_full_illumina, seawulf, uod_hpc, fub_curta, uct_hpc, aws_tower, binac, fsu_draco]
Jul-17 11:30:09.005 [main] DEBUG nextflow.cli.CmdRun - Applied DSL=2 from script declaration
Jul-17 11:30:09.007 [main] DEBUG nextflow.cli.CmdRun - Launching `https://github.com/nf-core/viralrecon` [backstabbing_colden] DSL2 - revision: 3731dd3a32 [2.6.0]
Jul-17 11:30:09.008 [main] DEBUG nextflow.plugin.PluginsFacade - Plugins default=[]
Jul-17 11:30:09.008 [main] DEBUG nextflow.plugin.PluginsFacade - Plugins resolved requirement=[]
Jul-17 11:30:09.298 [main] DEBUG nextflow.Session - Session UUID: f887cdbf-4d0e-4c6d-a24c-d392d392cf7a
Jul-17 11:30:09.298 [main] DEBUG nextflow.Session - Run name: backstabbing_colden
Jul-17 11:30:09.298 [main] DEBUG nextflow.Session - Executor pool size: 16
Jul-17 11:30:09.310 [main] DEBUG nextflow.file.FilePorter - File porter settings maxRetries=3; maxTransfers=50; pollTimeout=null
Jul-17 11:30:09.392 [main] DEBUG nextflow.cli.CmdRun - 
  Version: 24.04.4 build 5917
  Created: 01-08-2024 07:05 UTC (01:05 MDT)
  System: Linux 4.18.0-305.34.2.el8_4.x86_64
  Runtime: Groovy 4.0.21 on OpenJDK 64-Bit Server VM 21-internal-adhoc.conda.src
  Encoding: UTF-8 (UTF-8)
  Process: 2325247@c3cpu-c15-u19-3.rc.int.colorado.edu [10.225.65.111]
  CPUs: 16 - Mem: 12 GB (11.5 GB) - Swap: 0 (0) - Virtual threads ON
Jul-17 11:30:09.466 [main] DEBUG nextflow.Session - Work-dir: /scratch/alpine/rtk24@colostate.edu [gpfs]
Jul-17 11:30:09.730 [main] DEBUG nextflow.executor.ExecutorFactory - Extension executors providers=[]
Jul-17 11:30:09.750 [main] DEBUG nextflow.Session - Observer factory: DefaultObserverFactory
Jul-17 11:30:09.915 [main] DEBUG nextflow.cache.CacheFactory - Using Nextflow cache factory: nextflow.cache.DefaultCacheFactory
Jul-17 11:30:09.967 [main] DEBUG nextflow.util.CustomPoolFactory - Creating virtual thread pool
Jul-17 11:30:10.809 [main] DEBUG nextflow.Session - Session start
Jul-17 11:30:10.814 [main] DEBUG nextflow.trace.TraceFileObserver - Workflow started -- trace file: /projects/rtk24@colostate.edu/proj_bioinformatics/viralrecon_nfc_NF/viralrecon/wnv-s_22-23_R1.1/pipeline_info/execution_trace_2025-07-17_11-30-08.txt
Jul-17 11:30:10.825 [main] DEBUG nextflow.Session - Using default localLib path: /scratch/alpine/rtk24@colostate.edu/assets/nf-core/viralrecon/lib
Jul-17 11:30:10.834 [main] DEBUG nextflow.Session - Adding to the classpath library: /scratch/alpine/rtk24@colostate.edu/assets/nf-core/viralrecon/lib
Jul-17 11:30:10.834 [main] DEBUG nextflow.Session - Adding to the classpath library: /scratch/alpine/rtk24@colostate.edu/assets/nf-core/viralrecon/lib/nfcore_external_java_deps.jar
Jul-17 11:30:11.803 [main] DEBUG nextflow.script.ScriptRunner - > Launching execution
Jul-17 11:30:11.894 [main] INFO  nextflow.Nextflow - 

-[2m----------------------------------------------------[0m-
                                        [0;32m,--.[0;30m/[0;32m,-.[0m
[0;34m        ___     __   __   __   ___     [0;32m/,-._.--~'[0m
[0;34m  |\ | |__  __ /  ` /  \ |__) |__         [0;33m}  {[0m
[0;34m  | \| |       \__, \__/ |  \ |___     [0;32m\`-._,-`-,[0m
                                        [0;32m`._,._,'[0m
[0;35m  nf-core/viralrecon v2.6.0-g3731dd3[0m
-[2m----------------------------------------------------[0m-
[1mCore Nextflow options[0m
  [0;34mrevision        : [0;32m2.6.0[0m
  [0;34mrunName         : [0;32mbackstabbing_colden[0m
  [0;34mcontainerEngine : [0;32msingularity[0m
  [0;34mlaunchDir       : [0;32m/projects/rtk24@colostate.edu/proj_bioinformatics/viralrecon_nfc_NF/viralrecon[0m
  [0;34mworkDir         : [0;32m/scratch/alpine/rtk24@colostate.edu[0m
  [0;34mprojectDir      : [0;32m/scratch/alpine/rtk24@colostate.edu/assets/nf-core/viralrecon[0m
  [0;34muserName        : [0;32mrtk24@colostate.edu[0m
  [0;34mprofile         : [0;32msingularity[0m
  [0;34mconfigFiles     : [0;32m/scratch/alpine/rtk24@colostate.edu/assets/nf-core/viralrecon/nextflow.config, /projects/rtk24@colostate.edu/proj_bioinformatics/viralrecon_nfc_NF/viralrecon/nextflow.config, /projects/rtk24@colostate.edu/proj_bioinformatics/viralrecon_nfc_NF/viralrecon/conf/wnv.config[0m

[1mInput/output options[0m
  [0;34minput           : [0;32minput/wnv-s_22-23_R1.1_sample_sheet.csv[0m
  [0;34mplatform        : [0;32millumina[0m
  [0;34mprotocol        : [0;32mamplicon[0m
  [0;34moutdir          : [0;32mwnv-s_22-23_R1.1[0m

[1mReference genome options[0m
  [0;34mgenome          : [0;32mWNV_REF[0m
  [0;34mfasta           : [0;32mreference/west_nile_virus.fasta[0m
  [0;34mgff             : [0;32mreference/west_nile_virus.gff[0m
  [0;34mprimer_bed      : [0;32mreference/WNVic.primers_NC_009942_1.bed[0m

[1mNanopore/Illumina options[0m
  [0;34mskip_pangolin   : [0;32mtrue[0m
  [0;34mskip_nextclade  : [0;32mtrue[0m

[1mIllumina QC, read trimming and filtering options[0m
  [0;34mskip_kraken2    : [0;32mtrue[0m

[1mIllumina variant calling options[0m
  [0;34mvariant_caller  : [0;32mivar[0m
  [0;34mconsensus_caller: [0;32mivar[0m

[1mIllumina de novo assembly options[0m
  [0;34mskip_assembly   : [0;32mtrue[0m

!! Only displaying parameters that differ from the pipeline defaults !!
-[2m----------------------------------------------------[0m-
If you use nf-core/viralrecon for your analysis please cite:

* The pipeline
  https://doi.org/10.5281/zenodo.3901628

* The nf-core framework
  https://doi.org/10.1038/s41587-020-0439-x

* Software dependencies
  https://github.com/nf-core/viralrecon/blob/master/CITATIONS.md
-[2m----------------------------------------------------[0m-
Jul-17 11:30:11.896 [main] WARN  nextflow.Nextflow - ~~~~~~~~~~~~~~~~~~~~~~~~~~~~~~~~~~~~~~~~~~~~~~~~~~~~~~~~~~~~~~~~~~~~~~
  Multiple config files detected!
  Please provide pipeline parameters via the CLI or Nextflow '-params-file' option.
  Custom config files including those provided by the '-c' Nextflow option can be
  used to provide any configuration except for parameters.

  Docs: https://nf-co.re/usage/configuration#custom-configuration-files
~~~~~~~~~~~~~~~~~~~~~~~~~~~~~~~~~~~~~~~~~~~~~~~~~~~~~~~~~~~~~~~~~~~~~~~~~~~~
Jul-17 11:30:12.040 [main] WARN  nextflow.Nextflow - Found unexpected parameters:
* --skip_variants_filtering: true
Jul-17 11:30:12.041 [main] INFO  nextflow.Nextflow - - [2mIgnore this warning: params.schema_ignore_params = "skip_variants_filtering" [0m
Jul-17 11:30:12.686 [main] DEBUG nextflow.plugin.PluginUpdater - Installing plugin nf-amazon version: 2.5.3
Jul-17 11:30:12.772 [main] INFO  org.pf4j.AbstractPluginManager - Plugin 'nf-amazon@2.5.3' resolved
Jul-17 11:30:12.772 [main] INFO  org.pf4j.AbstractPluginManager - Start plugin 'nf-amazon@2.5.3'
Jul-17 11:30:16.938 [main] DEBUG nextflow.plugin.BasePlugin - Plugin started nf-amazon@2.5.3
Jul-17 11:30:17.099 [main] DEBUG nextflow.file.FileHelper - > Added 'S3FileSystemProvider' to list of installed providers [s3]
Jul-17 11:30:17.099 [main] DEBUG nextflow.file.FileHelper - Started plugin 'nf-amazon' required to handle file: s3://ngi-igenomes/test-data/viralrecon/kraken2_human.tar.gz
Jul-17 11:30:17.183 [main] DEBUG nextflow.file.FileHelper - Creating a file system instance for provider: S3FileSystemProvider
Jul-17 11:30:17.297 [main] DEBUG nextflow.cloud.aws.config.AwsConfig - AWS S3 config properties: {max_error_retry=5}
Jul-17 11:30:20.412 [main] DEBUG n.c.aws.util.S3CredentialsProvider - No AWS credentials available - falling back to anonymous access
Jul-17 11:30:29.897 [main] DEBUG nextflow.script.ProcessConfig - Config settings `withLabel:process_single` matches labels `process_single` for process with name NFCORE_VIRALRECON:ILLUMINA:PREPARE_GENOME:CUSTOM_GETCHROMSIZES
Jul-17 11:30:29.899 [main] DEBUG nextflow.script.ProcessConfig - Config settings `withName:CUSTOM_GETCHROMSIZES` matches process NFCORE_VIRALRECON:ILLUMINA:PREPARE_GENOME:CUSTOM_GETCHROMSIZES
Jul-17 11:30:29.913 [main] DEBUG nextflow.executor.ExecutorFactory - << taskConfig executor: null
Jul-17 11:30:29.913 [main] DEBUG nextflow.executor.ExecutorFactory - >> processorType: 'local'
Jul-17 11:30:29.921 [main] DEBUG nextflow.executor.Executor - [warm up] executor > local
Jul-17 11:30:29.944 [main] DEBUG n.processor.LocalPollingMonitor - Creating local task monitor for executor 'local' > cpus=16; memory=12 GB; capacity=16; pollInterval=100ms; dumpInterval=5m
Jul-17 11:30:29.977 [main] DEBUG n.processor.TaskPollingMonitor - >>> barrier register (monitor: local)
Jul-17 11:30:30.052 [main] DEBUG nextflow.script.ProcessConfig - Config settings `withLabel:process_medium` matches labels `process_medium` for process with name NFCORE_VIRALRECON:ILLUMINA:PREPARE_GENOME:COLLAPSE_PRIMERS
Jul-17 11:30:30.053 [main] DEBUG nextflow.script.ProcessConfig - Config settings `withName:COLLAPSE_PRIMERS` matches process NFCORE_VIRALRECON:ILLUMINA:PREPARE_GENOME:COLLAPSE_PRIMERS
Jul-17 11:30:30.057 [main] DEBUG nextflow.executor.ExecutorFactory - << taskConfig executor: null
Jul-17 11:30:30.057 [main] DEBUG nextflow.executor.ExecutorFactory - >> processorType: 'local'
Jul-17 11:30:30.066 [main] DEBUG nextflow.script.ProcessConfig - Config settings `withLabel:process_high` matches labels `process_high` for process with name NFCORE_VIRALRECON:ILLUMINA:PREPARE_GENOME:BOWTIE2_BUILD
Jul-17 11:30:30.067 [main] DEBUG nextflow.script.ProcessConfig - Config settings `withName:BOWTIE2_BUILD` matches process NFCORE_VIRALRECON:ILLUMINA:PREPARE_GENOME:BOWTIE2_BUILD
Jul-17 11:30:30.072 [main] DEBUG nextflow.executor.ExecutorFactory - << taskConfig executor: null
Jul-17 11:30:30.072 [main] DEBUG nextflow.executor.ExecutorFactory - >> processorType: 'local'
Jul-17 11:30:30.079 [main] DEBUG nextflow.script.ProcessConfig - Config settings `withLabel:process_low` matches labels `process_low` for process with name NFCORE_VIRALRECON:ILLUMINA:PREPARE_GENOME:SNPEFF_BUILD
Jul-17 11:30:30.080 [main] DEBUG nextflow.script.ProcessConfig - Config settings `withName:SNPEFF_BUILD` matches process NFCORE_VIRALRECON:ILLUMINA:PREPARE_GENOME:SNPEFF_BUILD
Jul-17 11:30:30.082 [main] DEBUG nextflow.executor.ExecutorFactory - << taskConfig executor: null
Jul-17 11:30:30.082 [main] DEBUG nextflow.executor.ExecutorFactory - >> processorType: 'local'
Jul-17 11:30:30.105 [main] DEBUG nextflow.script.ProcessConfig - Config settings `withLabel:process_single` matches labels `process_single` for process with name NFCORE_VIRALRECON:ILLUMINA:INPUT_CHECK:SAMPLESHEET_CHECK
Jul-17 11:30:30.105 [main] DEBUG nextflow.script.ProcessConfig - Config settings `withName:SAMPLESHEET_CHECK` matches process NFCORE_VIRALRECON:ILLUMINA:INPUT_CHECK:SAMPLESHEET_CHECK
Jul-17 11:30:30.108 [main] DEBUG nextflow.executor.ExecutorFactory - << taskConfig executor: null
Jul-17 11:30:30.108 [main] DEBUG nextflow.executor.ExecutorFactory - >> processorType: 'local'
Jul-17 11:30:30.145 [main] DEBUG nextflow.script.ProcessConfig - Config settings `withLabel:process_single` matches labels `process_single` for process with name NFCORE_VIRALRECON:ILLUMINA:CAT_FASTQ
Jul-17 11:30:30.146 [main] DEBUG nextflow.script.ProcessConfig - Config settings `withName:CAT_FASTQ` matches process NFCORE_VIRALRECON:ILLUMINA:CAT_FASTQ
Jul-17 11:30:30.149 [main] DEBUG nextflow.executor.ExecutorFactory - << taskConfig executor: null
Jul-17 11:30:30.149 [main] DEBUG nextflow.executor.ExecutorFactory - >> processorType: 'local'
Jul-17 11:30:30.164 [main] DEBUG nextflow.script.ProcessConfig - Config settings `withLabel:process_medium` matches labels `process_medium` for process with name NFCORE_VIRALRECON:ILLUMINA:FASTQ_TRIM_FASTP_FASTQC:FASTQC_RAW
Jul-17 11:30:30.166 [main] DEBUG nextflow.script.ProcessConfig - Config settings `withName:.*:.*:FASTQ_TRIM_FASTP_FASTQC:FASTQC_RAW` matches process NFCORE_VIRALRECON:ILLUMINA:FASTQ_TRIM_FASTP_FASTQC:FASTQC_RAW
Jul-17 11:30:30.168 [main] DEBUG nextflow.executor.ExecutorFactory - << taskConfig executor: null
Jul-17 11:30:30.168 [main] DEBUG nextflow.executor.ExecutorFactory - >> processorType: 'local'
Jul-17 11:30:30.180 [main] DEBUG nextflow.script.ProcessConfig - Config settings `withLabel:process_medium` matches labels `process_medium` for process with name NFCORE_VIRALRECON:ILLUMINA:FASTQ_TRIM_FASTP_FASTQC:FASTP
Jul-17 11:30:30.181 [main] DEBUG nextflow.script.ProcessConfig - Config settings `withName:FASTP` matches process NFCORE_VIRALRECON:ILLUMINA:FASTQ_TRIM_FASTP_FASTQC:FASTP
Jul-17 11:30:30.185 [main] DEBUG nextflow.executor.ExecutorFactory - << taskConfig executor: null
Jul-17 11:30:30.185 [main] DEBUG nextflow.executor.ExecutorFactory - >> processorType: 'local'
Jul-17 11:30:30.199 [main] DEBUG nextflow.script.ProcessConfig - Config settings `withLabel:process_medium` matches labels `process_medium` for process with name NFCORE_VIRALRECON:ILLUMINA:FASTQ_TRIM_FASTP_FASTQC:FASTQC_TRIM
Jul-17 11:30:30.201 [main] DEBUG nextflow.script.ProcessConfig - Config settings `withName:.*:.*:FASTQ_TRIM_FASTP_FASTQC:FASTQC_TRIM` matches process NFCORE_VIRALRECON:ILLUMINA:FASTQ_TRIM_FASTP_FASTQC:FASTQC_TRIM
Jul-17 11:30:30.203 [main] DEBUG nextflow.executor.ExecutorFactory - << taskConfig executor: null
Jul-17 11:30:30.203 [main] DEBUG nextflow.executor.ExecutorFactory - >> processorType: 'local'
Jul-17 11:30:30.231 [main] DEBUG nextflow.script.ProcessConfig - Config settings `withLabel:process_high` matches labels `process_high` for process with name NFCORE_VIRALRECON:ILLUMINA:FASTQ_ALIGN_BOWTIE2:BOWTIE2_ALIGN
Jul-17 11:30:30.231 [main] DEBUG nextflow.script.ProcessConfig - Config settings `withName:BOWTIE2_ALIGN` matches process NFCORE_VIRALRECON:ILLUMINA:FASTQ_ALIGN_BOWTIE2:BOWTIE2_ALIGN
Jul-17 11:30:30.234 [main] DEBUG nextflow.executor.ExecutorFactory - << taskConfig executor: null
Jul-17 11:30:30.235 [main] DEBUG nextflow.executor.ExecutorFactory - >> processorType: 'local'
Jul-17 11:30:30.292 [main] DEBUG nextflow.script.ProcessConfig - Config settings `withLabel:process_medium` matches labels `process_medium` for process with name NFCORE_VIRALRECON:ILLUMINA:FASTQ_ALIGN_BOWTIE2:BAM_SORT_STATS_SAMTOOLS:SAMTOOLS_SORT
Jul-17 11:30:30.294 [main] DEBUG nextflow.script.ProcessConfig - Config settings `withName:SAMTOOLS_SORT` matches process NFCORE_VIRALRECON:ILLUMINA:FASTQ_ALIGN_BOWTIE2:BAM_SORT_STATS_SAMTOOLS:SAMTOOLS_SORT
Jul-17 11:30:30.295 [main] DEBUG nextflow.script.ProcessConfig - Config settings `withName:.*:.*:FASTQ_ALIGN_BOWTIE2:.*:SAMTOOLS_SORT` matches process NFCORE_VIRALRECON:ILLUMINA:FASTQ_ALIGN_BOWTIE2:BAM_SORT_STATS_SAMTOOLS:SAMTOOLS_SORT
Jul-17 11:30:30.298 [main] DEBUG nextflow.executor.ExecutorFactory - << taskConfig executor: null
Jul-17 11:30:30.298 [main] DEBUG nextflow.executor.ExecutorFactory - >> processorType: 'local'
Jul-17 11:30:30.315 [main] DEBUG nextflow.script.ProcessConfig - Config settings `withLabel:process_low` matches labels `process_low` for process with name NFCORE_VIRALRECON:ILLUMINA:FASTQ_ALIGN_BOWTIE2:BAM_SORT_STATS_SAMTOOLS:SAMTOOLS_INDEX
Jul-17 11:30:30.317 [main] DEBUG nextflow.script.ProcessConfig - Config settings `withName:.*:.*:FASTQ_ALIGN_BOWTIE2:.*:SAMTOOLS_INDEX` matches process NFCORE_VIRALRECON:ILLUMINA:FASTQ_ALIGN_BOWTIE2:BAM_SORT_STATS_SAMTOOLS:SAMTOOLS_INDEX
Jul-17 11:30:30.328 [main] DEBUG nextflow.executor.ExecutorFactory - << taskConfig executor: null
Jul-17 11:30:30.328 [main] DEBUG nextflow.executor.ExecutorFactory - >> processorType: 'local'
Jul-17 11:30:30.346 [main] DEBUG nextflow.script.ProcessConfig - Config settings `withLabel:process_single` matches labels `process_single` for process with name NFCORE_VIRALRECON:ILLUMINA:FASTQ_ALIGN_BOWTIE2:BAM_SORT_STATS_SAMTOOLS:BAM_STATS_SAMTOOLS:SAMTOOLS_STATS
Jul-17 11:30:30.347 [main] DEBUG nextflow.script.ProcessConfig - Config settings `withName:.*:.*:FASTQ_ALIGN_BOWTIE2:.*:BAM_STATS_SAMTOOLS:.*` matches process NFCORE_VIRALRECON:ILLUMINA:FASTQ_ALIGN_BOWTIE2:BAM_SORT_STATS_SAMTOOLS:BAM_STATS_SAMTOOLS:SAMTOOLS_STATS
Jul-17 11:30:30.350 [main] DEBUG nextflow.executor.ExecutorFactory - << taskConfig executor: null
Jul-17 11:30:30.350 [main] DEBUG nextflow.executor.ExecutorFactory - >> processorType: 'local'
Jul-17 11:30:30.357 [main] DEBUG nextflow.script.ProcessConfig - Config settings `withLabel:process_single` matches labels `process_single` for process with name NFCORE_VIRALRECON:ILLUMINA:FASTQ_ALIGN_BOWTIE2:BAM_SORT_STATS_SAMTOOLS:BAM_STATS_SAMTOOLS:SAMTOOLS_FLAGSTAT
Jul-17 11:30:30.358 [main] DEBUG nextflow.script.ProcessConfig - Config settings `withName:.*:.*:FASTQ_ALIGN_BOWTIE2:.*:BAM_STATS_SAMTOOLS:.*` matches process NFCORE_VIRALRECON:ILLUMINA:FASTQ_ALIGN_BOWTIE2:BAM_SORT_STATS_SAMTOOLS:BAM_STATS_SAMTOOLS:SAMTOOLS_FLAGSTAT
Jul-17 11:30:30.360 [main] DEBUG nextflow.executor.ExecutorFactory - << taskConfig executor: null
Jul-17 11:30:30.360 [main] DEBUG nextflow.executor.ExecutorFactory - >> processorType: 'local'
Jul-17 11:30:30.369 [main] DEBUG nextflow.script.ProcessConfig - Config settings `withLabel:process_single` matches labels `process_single` for process with name NFCORE_VIRALRECON:ILLUMINA:FASTQ_ALIGN_BOWTIE2:BAM_SORT_STATS_SAMTOOLS:BAM_STATS_SAMTOOLS:SAMTOOLS_IDXSTATS
Jul-17 11:30:30.371 [main] DEBUG nextflow.script.ProcessConfig - Config settings `withName:.*:.*:FASTQ_ALIGN_BOWTIE2:.*:BAM_STATS_SAMTOOLS:.*` matches process NFCORE_VIRALRECON:ILLUMINA:FASTQ_ALIGN_BOWTIE2:BAM_SORT_STATS_SAMTOOLS:BAM_STATS_SAMTOOLS:SAMTOOLS_IDXSTATS
Jul-17 11:30:30.372 [main] DEBUG nextflow.executor.ExecutorFactory - << taskConfig executor: null
Jul-17 11:30:30.373 [main] DEBUG nextflow.executor.ExecutorFactory - >> processorType: 'local'
Jul-17 11:30:30.405 [main] DEBUG nextflow.script.ProcessConfig - Config settings `withLabel:process_medium` matches labels `process_medium` for process with name NFCORE_VIRALRECON:ILLUMINA:BAM_TRIM_PRIMERS_IVAR:IVAR_TRIM
Jul-17 11:30:30.407 [main] DEBUG nextflow.script.ProcessConfig - Config settings `withName:IVAR_TRIM` matches process NFCORE_VIRALRECON:ILLUMINA:BAM_TRIM_PRIMERS_IVAR:IVAR_TRIM
Jul-17 11:30:30.410 [main] DEBUG nextflow.executor.ExecutorFactory - << taskConfig executor: null
Jul-17 11:30:30.410 [main] DEBUG nextflow.executor.ExecutorFactory - >> processorType: 'local'
Jul-17 11:30:30.420 [main] DEBUG nextflow.script.ProcessConfig - Config settings `withLabel:process_medium` matches labels `process_medium` for process with name NFCORE_VIRALRECON:ILLUMINA:BAM_TRIM_PRIMERS_IVAR:BAM_SORT_STATS_SAMTOOLS:SAMTOOLS_SORT
Jul-17 11:30:30.421 [main] DEBUG nextflow.script.ProcessConfig - Config settings `withName:SAMTOOLS_SORT` matches process NFCORE_VIRALRECON:ILLUMINA:BAM_TRIM_PRIMERS_IVAR:BAM_SORT_STATS_SAMTOOLS:SAMTOOLS_SORT
Jul-17 11:30:30.422 [main] DEBUG nextflow.script.ProcessConfig - Config settings `withName:.*:.*:BAM_TRIM_PRIMERS_IVAR:.*:SAMTOOLS_SORT` matches process NFCORE_VIRALRECON:ILLUMINA:BAM_TRIM_PRIMERS_IVAR:BAM_SORT_STATS_SAMTOOLS:SAMTOOLS_SORT
Jul-17 11:30:30.424 [main] DEBUG nextflow.executor.ExecutorFactory - << taskConfig executor: null
Jul-17 11:30:30.424 [main] DEBUG nextflow.executor.ExecutorFactory - >> processorType: 'local'
Jul-17 11:30:30.434 [main] DEBUG nextflow.script.ProcessConfig - Config settings `withLabel:process_low` matches labels `process_low` for process with name NFCORE_VIRALRECON:ILLUMINA:BAM_TRIM_PRIMERS_IVAR:BAM_SORT_STATS_SAMTOOLS:SAMTOOLS_INDEX
Jul-17 11:30:30.435 [main] DEBUG nextflow.script.ProcessConfig - Config settings `withName:.*:.*:BAM_TRIM_PRIMERS_IVAR:.*:SAMTOOLS_INDEX` matches process NFCORE_VIRALRECON:ILLUMINA:BAM_TRIM_PRIMERS_IVAR:BAM_SORT_STATS_SAMTOOLS:SAMTOOLS_INDEX
Jul-17 11:30:30.437 [main] DEBUG nextflow.executor.ExecutorFactory - << taskConfig executor: null
Jul-17 11:30:30.437 [main] DEBUG nextflow.executor.ExecutorFactory - >> processorType: 'local'
Jul-17 11:30:30.454 [main] DEBUG nextflow.script.ProcessConfig - Config settings `withLabel:process_single` matches labels `process_single` for process with name NFCORE_VIRALRECON:ILLUMINA:BAM_TRIM_PRIMERS_IVAR:BAM_SORT_STATS_SAMTOOLS:BAM_STATS_SAMTOOLS:SAMTOOLS_STATS
Jul-17 11:30:30.455 [main] DEBUG nextflow.script.ProcessConfig - Config settings `withName:.*:.*:BAM_TRIM_PRIMERS_IVAR:.*:BAM_STATS_SAMTOOLS:.*` matches process NFCORE_VIRALRECON:ILLUMINA:BAM_TRIM_PRIMERS_IVAR:BAM_SORT_STATS_SAMTOOLS:BAM_STATS_SAMTOOLS:SAMTOOLS_STATS
Jul-17 11:30:30.457 [main] DEBUG nextflow.executor.ExecutorFactory - << taskConfig executor: null
Jul-17 11:30:30.457 [main] DEBUG nextflow.executor.ExecutorFactory - >> processorType: 'local'
Jul-17 11:30:30.465 [main] DEBUG nextflow.script.ProcessConfig - Config settings `withLabel:process_single` matches labels `process_single` for process with name NFCORE_VIRALRECON:ILLUMINA:BAM_TRIM_PRIMERS_IVAR:BAM_SORT_STATS_SAMTOOLS:BAM_STATS_SAMTOOLS:SAMTOOLS_FLAGSTAT
Jul-17 11:30:30.466 [main] DEBUG nextflow.script.ProcessConfig - Config settings `withName:.*:.*:BAM_TRIM_PRIMERS_IVAR:.*:BAM_STATS_SAMTOOLS:.*` matches process NFCORE_VIRALRECON:ILLUMINA:BAM_TRIM_PRIMERS_IVAR:BAM_SORT_STATS_SAMTOOLS:BAM_STATS_SAMTOOLS:SAMTOOLS_FLAGSTAT
Jul-17 11:30:30.468 [main] DEBUG nextflow.executor.ExecutorFactory - << taskConfig executor: null
Jul-17 11:30:30.468 [main] DEBUG nextflow.executor.ExecutorFactory - >> processorType: 'local'
Jul-17 11:30:30.475 [main] DEBUG nextflow.script.ProcessConfig - Config settings `withLabel:process_single` matches labels `process_single` for process with name NFCORE_VIRALRECON:ILLUMINA:BAM_TRIM_PRIMERS_IVAR:BAM_SORT_STATS_SAMTOOLS:BAM_STATS_SAMTOOLS:SAMTOOLS_IDXSTATS
Jul-17 11:30:30.477 [main] DEBUG nextflow.script.ProcessConfig - Config settings `withName:.*:.*:BAM_TRIM_PRIMERS_IVAR:.*:BAM_STATS_SAMTOOLS:.*` matches process NFCORE_VIRALRECON:ILLUMINA:BAM_TRIM_PRIMERS_IVAR:BAM_SORT_STATS_SAMTOOLS:BAM_STATS_SAMTOOLS:SAMTOOLS_IDXSTATS
Jul-17 11:30:30.479 [main] DEBUG nextflow.executor.ExecutorFactory - << taskConfig executor: null
Jul-17 11:30:30.479 [main] DEBUG nextflow.executor.ExecutorFactory - >> processorType: 'local'
Jul-17 11:30:30.497 [main] DEBUG nextflow.script.ProcessConfig - Config settings `withLabel:process_single` matches labels `process_single` for process with name NFCORE_VIRALRECON:ILLUMINA:PICARD_COLLECTMULTIPLEMETRICS
Jul-17 11:30:30.498 [main] DEBUG nextflow.script.ProcessConfig - Config settings `withName:PICARD_COLLECTMULTIPLEMETRICS` matches process NFCORE_VIRALRECON:ILLUMINA:PICARD_COLLECTMULTIPLEMETRICS
Jul-17 11:30:30.500 [main] DEBUG nextflow.executor.ExecutorFactory - << taskConfig executor: null
Jul-17 11:30:30.500 [main] DEBUG nextflow.executor.ExecutorFactory - >> processorType: 'local'
Jul-17 11:30:30.520 [main] DEBUG nextflow.script.ProcessConfig - Config settings `withLabel:process_medium` matches labels `process_medium` for process with name NFCORE_VIRALRECON:ILLUMINA:MOSDEPTH_GENOME
Jul-17 11:30:30.521 [main] DEBUG nextflow.script.ProcessConfig - Config settings `withName:MOSDEPTH_GENOME` matches process NFCORE_VIRALRECON:ILLUMINA:MOSDEPTH_GENOME
Jul-17 11:30:30.525 [main] DEBUG nextflow.executor.ExecutorFactory - << taskConfig executor: null
Jul-17 11:30:30.525 [main] DEBUG nextflow.executor.ExecutorFactory - >> processorType: 'local'
Jul-17 11:30:30.542 [main] DEBUG nextflow.script.ProcessConfig - Config settings `withLabel:process_medium` matches labels `process_medium` for process with name NFCORE_VIRALRECON:ILLUMINA:PLOT_MOSDEPTH_REGIONS_GENOME
Jul-17 11:30:30.543 [main] DEBUG nextflow.script.ProcessConfig - Config settings `withName:PLOT_MOSDEPTH_REGIONS_GENOME` matches process NFCORE_VIRALRECON:ILLUMINA:PLOT_MOSDEPTH_REGIONS_GENOME
Jul-17 11:30:30.545 [main] DEBUG nextflow.executor.ExecutorFactory - << taskConfig executor: null
Jul-17 11:30:30.545 [main] DEBUG nextflow.executor.ExecutorFactory - >> processorType: 'local'
Jul-17 11:30:30.561 [main] DEBUG nextflow.script.ProcessConfig - Config settings `withLabel:process_medium` matches labels `process_medium` for process with name NFCORE_VIRALRECON:ILLUMINA:MOSDEPTH_AMPLICON
Jul-17 11:30:30.563 [main] DEBUG nextflow.script.ProcessConfig - Config settings `withName:MOSDEPTH_AMPLICON` matches process NFCORE_VIRALRECON:ILLUMINA:MOSDEPTH_AMPLICON
Jul-17 11:30:30.566 [main] DEBUG nextflow.executor.ExecutorFactory - << taskConfig executor: null
Jul-17 11:30:30.567 [main] DEBUG nextflow.executor.ExecutorFactory - >> processorType: 'local'
Jul-17 11:30:30.583 [main] DEBUG nextflow.script.ProcessConfig - Config settings `withLabel:process_medium` matches labels `process_medium` for process with name NFCORE_VIRALRECON:ILLUMINA:PLOT_MOSDEPTH_REGIONS_AMPLICON
Jul-17 11:30:30.584 [main] DEBUG nextflow.script.ProcessConfig - Config settings `withName:PLOT_MOSDEPTH_REGIONS_AMPLICON` matches process NFCORE_VIRALRECON:ILLUMINA:PLOT_MOSDEPTH_REGIONS_AMPLICON
Jul-17 11:30:30.586 [main] DEBUG nextflow.executor.ExecutorFactory - << taskConfig executor: null
Jul-17 11:30:30.586 [main] DEBUG nextflow.executor.ExecutorFactory - >> processorType: 'local'
Jul-17 11:30:30.607 [main] DEBUG nextflow.script.ProcessConfig - Config settings `withLabel:process_medium` matches labels `process_medium` for process with name NFCORE_VIRALRECON:ILLUMINA:VARIANTS_IVAR:IVAR_VARIANTS
Jul-17 11:30:30.608 [main] DEBUG nextflow.script.ProcessConfig - Config settings `withName:IVAR_VARIANTS` matches process NFCORE_VIRALRECON:ILLUMINA:VARIANTS_IVAR:IVAR_VARIANTS
Jul-17 11:30:30.611 [main] DEBUG nextflow.executor.ExecutorFactory - << taskConfig executor: null
Jul-17 11:30:30.611 [main] DEBUG nextflow.executor.ExecutorFactory - >> processorType: 'local'
Jul-17 11:30:30.627 [main] DEBUG nextflow.script.ProcessConfig - Config settings `withName:IVAR_VARIANTS_TO_VCF` matches process NFCORE_VIRALRECON:ILLUMINA:VARIANTS_IVAR:IVAR_VARIANTS_TO_VCF
Jul-17 11:30:30.630 [main] DEBUG nextflow.executor.ExecutorFactory - << taskConfig executor: null
Jul-17 11:30:30.630 [main] DEBUG nextflow.executor.ExecutorFactory - >> processorType: 'local'
Jul-17 11:30:30.641 [main] DEBUG nextflow.script.ProcessConfig - Config settings `withLabel:process_medium` matches labels `process_medium` for process with name NFCORE_VIRALRECON:ILLUMINA:VARIANTS_IVAR:BCFTOOLS_SORT
Jul-17 11:30:30.642 [main] DEBUG nextflow.script.ProcessConfig - Config settings `withName:.*:.*:VARIANTS_IVAR:BCFTOOLS_SORT` matches process NFCORE_VIRALRECON:ILLUMINA:VARIANTS_IVAR:BCFTOOLS_SORT
Jul-17 11:30:30.644 [main] DEBUG nextflow.executor.ExecutorFactory - << taskConfig executor: null
Jul-17 11:30:30.644 [main] DEBUG nextflow.executor.ExecutorFactory - >> processorType: 'local'
Jul-17 11:30:30.654 [main] DEBUG nextflow.script.ProcessConfig - Config settings `withLabel:process_single` matches labels `process_single` for process with name NFCORE_VIRALRECON:ILLUMINA:VARIANTS_IVAR:VCF_TABIX_STATS:TABIX_TABIX
Jul-17 11:30:30.656 [main] DEBUG nextflow.script.ProcessConfig - Config settings `withName:.*:.*:VARIANTS_IVAR:.*:TABIX_TABIX` matches process NFCORE_VIRALRECON:ILLUMINA:VARIANTS_IVAR:VCF_TABIX_STATS:TABIX_TABIX
Jul-17 11:30:30.657 [main] DEBUG nextflow.executor.ExecutorFactory - << taskConfig executor: null
Jul-17 11:30:30.657 [main] DEBUG nextflow.executor.ExecutorFactory - >> processorType: 'local'
Jul-17 11:30:30.668 [main] DEBUG nextflow.script.ProcessConfig - Config settings `withLabel:process_single` matches labels `process_single` for process with name NFCORE_VIRALRECON:ILLUMINA:VARIANTS_IVAR:VCF_TABIX_STATS:BCFTOOLS_STATS
Jul-17 11:30:30.670 [main] DEBUG nextflow.script.ProcessConfig - Config settings `withName:.*:.*:VARIANTS_IVAR:.*:BCFTOOLS_STATS` matches process NFCORE_VIRALRECON:ILLUMINA:VARIANTS_IVAR:VCF_TABIX_STATS:BCFTOOLS_STATS
Jul-17 11:30:30.671 [main] DEBUG nextflow.executor.ExecutorFactory - << taskConfig executor: null
Jul-17 11:30:30.671 [main] DEBUG nextflow.executor.ExecutorFactory - >> processorType: 'local'
Jul-17 11:30:30.691 [main] DEBUG nextflow.script.ProcessConfig - Config settings `withLabel:process_medium` matches labels `process_medium` for process with name NFCORE_VIRALRECON:ILLUMINA:VARIANTS_IVAR:VARIANTS_QC:SNPEFF_SNPSIFT:SNPEFF_ANN
Jul-17 11:30:30.691 [main] DEBUG nextflow.script.ProcessConfig - Config settings `withName:SNPEFF_ANN` matches process NFCORE_VIRALRECON:ILLUMINA:VARIANTS_IVAR:VARIANTS_QC:SNPEFF_SNPSIFT:SNPEFF_ANN
Jul-17 11:30:30.694 [main] DEBUG nextflow.executor.ExecutorFactory - << taskConfig executor: null
Jul-17 11:30:30.694 [main] DEBUG nextflow.executor.ExecutorFactory - >> processorType: 'local'
Jul-17 11:30:30.707 [main] DEBUG nextflow.script.ProcessConfig - Config settings `withLabel:process_single` matches labels `process_single` for process with name NFCORE_VIRALRECON:ILLUMINA:VARIANTS_IVAR:VARIANTS_QC:SNPEFF_SNPSIFT:VCF_BGZIP_TABIX_STATS:TABIX_BGZIP
Jul-17 11:30:30.709 [main] DEBUG nextflow.script.ProcessConfig - Config settings `withName:.*:.*:.*:.*:SNPEFF_SNPSIFT:.*:TABIX_BGZIP` matches process NFCORE_VIRALRECON:ILLUMINA:VARIANTS_IVAR:VARIANTS_QC:SNPEFF_SNPSIFT:VCF_BGZIP_TABIX_STATS:TABIX_BGZIP
Jul-17 11:30:30.710 [main] DEBUG nextflow.executor.ExecutorFactory - << taskConfig executor: null
Jul-17 11:30:30.710 [main] DEBUG nextflow.executor.ExecutorFactory - >> processorType: 'local'
Jul-17 11:30:30.720 [main] DEBUG nextflow.script.ProcessConfig - Config settings `withLabel:process_single` matches labels `process_single` for process with name NFCORE_VIRALRECON:ILLUMINA:VARIANTS_IVAR:VARIANTS_QC:SNPEFF_SNPSIFT:VCF_BGZIP_TABIX_STATS:VCF_TABIX_STATS:TABIX_TABIX
Jul-17 11:30:30.722 [main] DEBUG nextflow.script.ProcessConfig - Config settings `withName:.*:.*:VARIANTS_IVAR:.*:TABIX_TABIX` matches process NFCORE_VIRALRECON:ILLUMINA:VARIANTS_IVAR:VARIANTS_QC:SNPEFF_SNPSIFT:VCF_BGZIP_TABIX_STATS:VCF_TABIX_STATS:TABIX_TABIX
Jul-17 11:30:30.722 [main] DEBUG nextflow.script.ProcessConfig - Config settings `withName:.*:.*:.*:.*:SNPEFF_SNPSIFT:.*:.*:TABIX_TABIX` matches process NFCORE_VIRALRECON:ILLUMINA:VARIANTS_IVAR:VARIANTS_QC:SNPEFF_SNPSIFT:VCF_BGZIP_TABIX_STATS:VCF_TABIX_STATS:TABIX_TABIX
Jul-17 11:30:30.724 [main] DEBUG nextflow.executor.ExecutorFactory - << taskConfig executor: null
Jul-17 11:30:30.724 [main] DEBUG nextflow.executor.ExecutorFactory - >> processorType: 'local'
Jul-17 11:30:30.738 [main] DEBUG nextflow.script.ProcessConfig - Config settings `withLabel:process_single` matches labels `process_single` for process with name NFCORE_VIRALRECON:ILLUMINA:VARIANTS_IVAR:VARIANTS_QC:SNPEFF_SNPSIFT:VCF_BGZIP_TABIX_STATS:VCF_TABIX_STATS:BCFTOOLS_STATS
Jul-17 11:30:30.739 [main] DEBUG nextflow.script.ProcessConfig - Config settings `withName:.*:.*:VARIANTS_IVAR:.*:BCFTOOLS_STATS` matches process NFCORE_VIRALRECON:ILLUMINA:VARIANTS_IVAR:VARIANTS_QC:SNPEFF_SNPSIFT:VCF_BGZIP_TABIX_STATS:VCF_TABIX_STATS:BCFTOOLS_STATS
Jul-17 11:30:30.739 [main] DEBUG nextflow.script.ProcessConfig - Config settings `withName:.*:.*:.*:.*:SNPEFF_SNPSIFT:.*:.*:BCFTOOLS_STATS` matches process NFCORE_VIRALRECON:ILLUMINA:VARIANTS_IVAR:VARIANTS_QC:SNPEFF_SNPSIFT:VCF_BGZIP_TABIX_STATS:VCF_TABIX_STATS:BCFTOOLS_STATS
Jul-17 11:30:30.741 [main] DEBUG nextflow.executor.ExecutorFactory - << taskConfig executor: null
Jul-17 11:30:30.741 [main] DEBUG nextflow.executor.ExecutorFactory - >> processorType: 'local'
Jul-17 11:30:30.756 [main] DEBUG nextflow.script.ProcessConfig - Config settings `withLabel:process_medium` matches labels `process_medium` for process with name NFCORE_VIRALRECON:ILLUMINA:VARIANTS_IVAR:VARIANTS_QC:SNPEFF_SNPSIFT:SNPSIFT_EXTRACTFIELDS
Jul-17 11:30:30.758 [main] DEBUG nextflow.script.ProcessConfig - Config settings `withName:.*:.*:.*:.*:SNPEFF_SNPSIFT:SNPSIFT_EXTRACTFIELDS` matches process NFCORE_VIRALRECON:ILLUMINA:VARIANTS_IVAR:VARIANTS_QC:SNPEFF_SNPSIFT:SNPSIFT_EXTRACTFIELDS
Jul-17 11:30:30.760 [main] DEBUG nextflow.executor.ExecutorFactory - << taskConfig executor: null
Jul-17 11:30:30.760 [main] DEBUG nextflow.executor.ExecutorFactory - >> processorType: 'local'
Jul-17 11:30:30.785 [main] DEBUG nextflow.script.ProcessConfig - Config settings `withLabel:process_medium` matches labels `process_medium` for process with name NFCORE_VIRALRECON:ILLUMINA:VARIANTS_IVAR:VARIANTS_QC:ASCIIGENOME
Jul-17 11:30:30.785 [main] DEBUG nextflow.script.ProcessConfig - Config settings `withName:ASCIIGENOME` matches process NFCORE_VIRALRECON:ILLUMINA:VARIANTS_IVAR:VARIANTS_QC:ASCIIGENOME
Jul-17 11:30:30.788 [main] DEBUG nextflow.executor.ExecutorFactory - << taskConfig executor: null
Jul-17 11:30:30.788 [main] DEBUG nextflow.executor.ExecutorFactory - >> processorType: 'local'
Jul-17 11:30:30.808 [main] DEBUG nextflow.script.ProcessConfig - Config settings `withLabel:process_medium` matches labels `process_medium` for process with name NFCORE_VIRALRECON:ILLUMINA:CONSENSUS_IVAR:IVAR_CONSENSUS
Jul-17 11:30:30.809 [main] DEBUG nextflow.script.ProcessConfig - Config settings `withName:IVAR_CONSENSUS` matches process NFCORE_VIRALRECON:ILLUMINA:CONSENSUS_IVAR:IVAR_CONSENSUS
Jul-17 11:30:30.812 [main] DEBUG nextflow.executor.ExecutorFactory - << taskConfig executor: null
Jul-17 11:30:30.812 [main] DEBUG nextflow.executor.ExecutorFactory - >> processorType: 'local'
Jul-17 11:30:30.827 [main] DEBUG nextflow.script.ProcessConfig - Config settings `withLabel:process_medium` matches labels `process_medium` for process with name NFCORE_VIRALRECON:ILLUMINA:CONSENSUS_IVAR:CONSENSUS_QC:QUAST
Jul-17 11:30:30.828 [main] DEBUG nextflow.script.ProcessConfig - Config settings `withName:.*:.*:CONSENSUS_.*:.*:QUAST` matches process NFCORE_VIRALRECON:ILLUMINA:CONSENSUS_IVAR:CONSENSUS_QC:QUAST
Jul-17 11:30:30.829 [main] DEBUG nextflow.executor.ExecutorFactory - << taskConfig executor: null
Jul-17 11:30:30.829 [main] DEBUG nextflow.executor.ExecutorFactory - >> processorType: 'local'
Jul-17 11:30:30.842 [main] DEBUG nextflow.script.ProcessConfig - Config settings `withLabel:process_medium` matches labels `process_medium` for process with name NFCORE_VIRALRECON:ILLUMINA:CONSENSUS_IVAR:CONSENSUS_QC:PLOT_BASE_DENSITY
Jul-17 11:30:30.843 [main] DEBUG nextflow.script.ProcessConfig - Config settings `withName:PLOT_BASE_DENSITY` matches process NFCORE_VIRALRECON:ILLUMINA:CONSENSUS_IVAR:CONSENSUS_QC:PLOT_BASE_DENSITY
Jul-17 11:30:30.845 [main] DEBUG nextflow.executor.ExecutorFactory - << taskConfig executor: null
Jul-17 11:30:30.845 [main] DEBUG nextflow.executor.ExecutorFactory - >> processorType: 'local'
Jul-17 11:30:30.867 [main] DEBUG nextflow.script.ProcessConfig - Config settings `withLabel:process_medium` matches labels `process_medium` for process with name NFCORE_VIRALRECON:ILLUMINA:VARIANTS_LONG_TABLE:BCFTOOLS_QUERY
Jul-17 11:30:30.868 [main] DEBUG nextflow.script.ProcessConfig - Config settings `withName:BCFTOOLS_QUERY` matches process NFCORE_VIRALRECON:ILLUMINA:VARIANTS_LONG_TABLE:BCFTOOLS_QUERY
Jul-17 11:30:30.870 [main] DEBUG nextflow.executor.ExecutorFactory - << taskConfig executor: null
Jul-17 11:30:30.870 [main] DEBUG nextflow.executor.ExecutorFactory - >> processorType: 'local'
Jul-17 11:30:30.890 [main] DEBUG nextflow.script.ProcessConfig - Config settings `withName:MAKE_VARIANTS_LONG_TABLE` matches process NFCORE_VIRALRECON:ILLUMINA:VARIANTS_LONG_TABLE:MAKE_VARIANTS_LONG_TABLE
Jul-17 11:30:30.919 [main] DEBUG nextflow.executor.ExecutorFactory - << taskConfig executor: null
Jul-17 11:30:30.919 [main] DEBUG nextflow.executor.ExecutorFactory - >> processorType: 'local'
Jul-17 11:30:30.959 [main] DEBUG nextflow.script.ProcessConfig - Config settings `withLabel:process_single` matches labels `process_single` for process with name NFCORE_VIRALRECON:ILLUMINA:CUSTOM_DUMPSOFTWAREVERSIONS
Jul-17 11:30:30.960 [main] DEBUG nextflow.script.ProcessConfig - Config settings `withName:CUSTOM_DUMPSOFTWAREVERSIONS` matches process NFCORE_VIRALRECON:ILLUMINA:CUSTOM_DUMPSOFTWAREVERSIONS
Jul-17 11:30:30.966 [main] DEBUG nextflow.executor.ExecutorFactory - << taskConfig executor: null
Jul-17 11:30:30.966 [main] DEBUG nextflow.executor.ExecutorFactory - >> processorType: 'local'
Jul-17 11:30:31.082 [main] DEBUG nextflow.script.ProcessConfig - Config settings `withLabel:process_medium` matches labels `process_medium` for process with name NFCORE_VIRALRECON:ILLUMINA:MULTIQC
Jul-17 11:30:31.082 [main] DEBUG nextflow.script.ProcessConfig - Config settings `withName:MULTIQC` matches process NFCORE_VIRALRECON:ILLUMINA:MULTIQC
Jul-17 11:30:31.085 [main] DEBUG nextflow.executor.ExecutorFactory - << taskConfig executor: null
Jul-17 11:30:31.085 [main] DEBUG nextflow.executor.ExecutorFactory - >> processorType: 'local'
Jul-17 11:30:31.109 [main] DEBUG nextflow.Session - Workflow process names [dsl2]: MAKE_BED_MASK, NFCORE_VIRALRECON:ILLUMINA:BAM_TRIM_PRIMERS_IVAR:BAM_SORT_STATS_SAMTOOLS:BAM_STATS_SAMTOOLS:SAMTOOLS_STATS, NFCORE_VIRALRECON:ILLUMINA:FASTQ_TRIM_FASTP_FASTQC:FASTQC_TRIM, NFCORE_VIRALRECON:ILLUMINA:FASTQ_ALIGN_BOWTIE2:BAM_SORT_STATS_SAMTOOLS:SAMTOOLS_SORT, MOSDEPTH, NFCORE_VIRALRECON:ILLUMINA:BAM_TRIM_PRIMERS_IVAR:IVAR_TRIM, BCFTOOLS_CONSENSUS, CAT_FASTQ, GUNZIP, NFCORE_VIRALRECON:ILLUMINA:PLOT_MOSDEPTH_REGIONS_AMPLICON, SAMTOOLS_STATS, NFCORE_VIRALRECON:ILLUMINA:PLOT_MOSDEPTH_REGIONS_GENOME, NFCORE_VIRALRECON:ILLUMINA:VARIANTS_IVAR:VARIANTS_QC:SNPEFF_SNPSIFT:VCF_BGZIP_TABIX_STATS:VCF_TABIX_STATS:BCFTOOLS_STATS, NFCORE_VIRALRECON:ILLUMINA:MULTIQC, GUNZIP_GFF, QUAST, NFCORE_VIRALRECON:ILLUMINA:CUSTOM_DUMPSOFTWAREVERSIONS, NFCORE_VIRALRECON:ILLUMINA:VARIANTS_IVAR:IVAR_VARIANTS, NFCORE_VIRALRECON:ILLUMINA:VARIANTS_IVAR:VCF_TABIX_STATS:BCFTOOLS_STATS, GUNZIP_GFA, NFCORE_VIRALRECON:ILLUMINA:PREPARE_GENOME:SNPEFF_BUILD, BOWTIE2_ALIGN, NFCORE_VIRALRECON:ILLUMINA:BAM_TRIM_PRIMERS_IVAR:BAM_SORT_STATS_SAMTOOLS:SAMTOOLS_INDEX, UNTAR_BLAST_DB, SAMTOOLS_INDEX, TABIX_TABIX, FASTQC, COLLAPSE_PRIMERS, UNICYCLER, MULTIQC, NFCORE_VIRALRECON:ILLUMINA:VARIANTS_IVAR:VARIANTS_QC:SNPEFF_SNPSIFT:VCF_BGZIP_TABIX_STATS:VCF_TABIX_STATS:TABIX_TABIX, CUTADAPT, NEXTCLADE_DATASETGET, KRAKEN2_BUILD, IVAR_TRIM, UNTAR_BOWTIE2_INDEX, BLAST_MAKEBLASTDB, NFCORE_VIRALRECON:ILLUMINA:VARIANTS_IVAR:VARIANTS_QC:SNPEFF_SNPSIFT:VCF_BGZIP_TABIX_STATS:TABIX_BGZIP, MAKE_VARIANTS_LONG_TABLE, SAMTOOLS_FLAGSTAT, SAMPLESHEET_CHECK, SNPSIFT_EXTRACTFIELDS, GUNZIP_SCAFFOLDS, NFCORE_VIRALRECON:ILLUMINA:VARIANTS_IVAR:VARIANTS_QC:SNPEFF_SNPSIFT:SNPEFF_ANN, GUNZIP_FASTA, PLASMIDID, BCFTOOLS_SORT, RENAME_FASTA_HEADER, NFCORE_VIRALRECON:ILLUMINA:VARIANTS_IVAR:VARIANTS_QC:ASCIIGENOME, NFCORE_VIRALRECON:ILLUMINA:CONSENSUS_IVAR:IVAR_CONSENSUS, BEDTOOLS_MASKFASTA, FILTER_BLASTN, BCFTOOLS_FILTER, BLAST_BLASTN, BCFTOOLS_NORM, PLOT_BASE_DENSITY, BANDAGE_IMAGE, MOSDEPTH_GENOME, FASTQC_TRIM, BCFTOOLS_STATS, SNPEFF_BUILD, IVAR_CONSENSUS, NFCORE_VIRALRECON:ILLUMINA:FASTQ_ALIGN_BOWTIE2:BAM_SORT_STATS_SAMTOOLS:BAM_STATS_SAMTOOLS:SAMTOOLS_STATS, FASTP, TABIX_BGZIP, NFCORE_VIRALRECON:ILLUMINA:BAM_TRIM_PRIMERS_IVAR:BAM_SORT_STATS_SAMTOOLS:SAMTOOLS_SORT, NFCORE_VIRALRECON:ILLUMINA:MOSDEPTH_AMPLICON, NFCORE_VIRALRECON:ILLUMINA:FASTQ_ALIGN_BOWTIE2:BAM_SORT_STATS_SAMTOOLS:SAMTOOLS_INDEX, NFCORE_VIRALRECON:ILLUMINA:VARIANTS_LONG_TABLE:MAKE_VARIANTS_LONG_TABLE, PICARD_MARKDUPLICATES, MINIA, NFCORE_VIRALRECON:ILLUMINA:FASTQ_TRIM_FASTP_FASTQC:FASTP, NFCORE_VIRALRECON:ILLUMINA:MOSDEPTH_GENOME, GUNZIP_PRIMER_FASTA, KRAKEN2_KRAKEN2, UNTAR, FASTQC_RAW, NFCORE_VIRALRECON:ILLUMINA:FASTQ_ALIGN_BOWTIE2:BAM_SORT_STATS_SAMTOOLS:BAM_STATS_SAMTOOLS:SAMTOOLS_IDXSTATS, NFCORE_VIRALRECON:ILLUMINA:BAM_TRIM_PRIMERS_IVAR:BAM_SORT_STATS_SAMTOOLS:BAM_STATS_SAMTOOLS:SAMTOOLS_FLAGSTAT, NEXTCLADE_RUN, NFCORE_VIRALRECON:ILLUMINA:INPUT_CHECK:SAMPLESHEET_CHECK, NFCORE_VIRALRECON:ILLUMINA:PREPARE_GENOME:CUSTOM_GETCHROMSIZES, NFCORE_VIRALRECON:ILLUMINA:PREPARE_GENOME:COLLAPSE_PRIMERS, PLOT_MOSDEPTH_REGIONS_GENOME, MOSDEPTH_AMPLICON, IVAR_VARIANTS, PICARD_COLLECTMULTIPLEMETRICS, NFCORE_VIRALRECON:ILLUMINA:VARIANTS_IVAR:VARIANTS_QC:SNPEFF_SNPSIFT:SNPSIFT_EXTRACTFIELDS, BEDTOOLS_GETFASTA, BOWTIE2_BUILD, NFCORE_VIRALRECON:ILLUMINA:CONSENSUS_IVAR:CONSENSUS_QC:QUAST, SPADES, CUSTOM_GETCHROMSIZES, BCFTOOLS_QUERY, GUNZIP_PRIMER_BED, NFCORE_VIRALRECON:ILLUMINA:BAM_TRIM_PRIMERS_IVAR:BAM_SORT_STATS_SAMTOOLS:BAM_STATS_SAMTOOLS:SAMTOOLS_IDXSTATS, SAMTOOLS_SORT, NFCORE_VIRALRECON:ILLUMINA:FASTQ_ALIGN_BOWTIE2:BOWTIE2_ALIGN, NFCORE_VIRALRECON:ILLUMINA:CAT_FASTQ, PANGOLIN, ASCIIGENOME, BCFTOOLS_MPILEUP, NFCORE_VIRALRECON:ILLUMINA:FASTQ_ALIGN_BOWTIE2:BAM_SORT_STATS_SAMTOOLS:BAM_STATS_SAMTOOLS:SAMTOOLS_FLAGSTAT, SNPEFF_ANN, ABACAS, NFCORE_VIRALRECON:ILLUMINA:PREPARE_GENOME:BOWTIE2_BUILD, NFCORE_VIRALRECON:ILLUMINA:VARIANTS_IVAR:IVAR_VARIANTS_TO_VCF, NFCORE_VIRALRECON:ILLUMINA:FASTQ_TRIM_FASTP_FASTQC:FASTQC_RAW, BEDTOOLS_MERGE, NFCORE_VIRALRECON:ILLUMINA:VARIANTS_IVAR:VCF_TABIX_STATS:TABIX_TABIX, NFCORE_VIRALRECON:ILLUMINA:VARIANTS_IVAR:BCFTOOLS_SORT, NFCORE_VIRALRECON:ILLUMINA:CONSENSUS_IVAR:CONSENSUS_QC:PLOT_BASE_DENSITY, UNTAR_NEXTCLADE_DB, UNTAR_KRAKEN2_DB, NFCORE_VIRALRECON:ILLUMINA:VARIANTS_LONG_TABLE:BCFTOOLS_QUERY, PLOT_MOSDEPTH_REGIONS_AMPLICON, IVAR_VARIANTS_TO_VCF, SAMTOOLS_IDXSTATS, CUSTOM_DUMPSOFTWAREVERSIONS, PLOT_MOSDEPTH_REGIONS, NFCORE_VIRALRECON:ILLUMINA:PICARD_COLLECTMULTIPLEMETRICS
Jul-17 11:30:31.180 [main] WARN  nextflow.Session - There's no process matching config selector: .*:.*:PREPARE_GENOME:GUNZIP_.*
Jul-17 11:30:31.181 [main] WARN  nextflow.Session - There's no process matching config selector: .*:.*:PREPARE_GENOME:UNTAR_.*
Jul-17 11:30:31.185 [main] DEBUG nextflow.Session - Igniting dataflow network (124)
Jul-17 11:30:31.186 [main] DEBUG nextflow.processor.TaskProcessor - Starting process > NFCORE_VIRALRECON:ILLUMINA:PREPARE_GENOME:CUSTOM_GETCHROMSIZES
Jul-17 11:30:31.186 [main] DEBUG nextflow.processor.TaskProcessor - Starting process > NFCORE_VIRALRECON:ILLUMINA:PREPARE_GENOME:COLLAPSE_PRIMERS
Jul-17 11:30:31.187 [main] DEBUG nextflow.processor.TaskProcessor - Starting process > NFCORE_VIRALRECON:ILLUMINA:PREPARE_GENOME:BOWTIE2_BUILD
Jul-17 11:30:31.187 [main] DEBUG nextflow.processor.TaskProcessor - Starting process > NFCORE_VIRALRECON:ILLUMINA:PREPARE_GENOME:SNPEFF_BUILD
Jul-17 11:30:31.187 [main] DEBUG nextflow.processor.TaskProcessor - Starting process > NFCORE_VIRALRECON:ILLUMINA:INPUT_CHECK:SAMPLESHEET_CHECK
Jul-17 11:30:31.187 [main] DEBUG nextflow.processor.TaskProcessor - Starting process > NFCORE_VIRALRECON:ILLUMINA:CAT_FASTQ
Jul-17 11:30:31.188 [main] DEBUG nextflow.processor.TaskProcessor - Starting process > NFCORE_VIRALRECON:ILLUMINA:FASTQ_TRIM_FASTP_FASTQC:FASTQC_RAW
Jul-17 11:30:31.190 [main] DEBUG nextflow.processor.TaskProcessor - Starting process > NFCORE_VIRALRECON:ILLUMINA:FASTQ_TRIM_FASTP_FASTQC:FASTP
Jul-17 11:30:31.190 [main] DEBUG nextflow.processor.TaskProcessor - Starting process > NFCORE_VIRALRECON:ILLUMINA:FASTQ_TRIM_FASTP_FASTQC:FASTQC_TRIM
Jul-17 11:30:31.190 [main] DEBUG nextflow.processor.TaskProcessor - Starting process > NFCORE_VIRALRECON:ILLUMINA:FASTQ_ALIGN_BOWTIE2:BOWTIE2_ALIGN
Jul-17 11:30:31.200 [main] DEBUG nextflow.processor.TaskProcessor - Starting process > NFCORE_VIRALRECON:ILLUMINA:FASTQ_ALIGN_BOWTIE2:BAM_SORT_STATS_SAMTOOLS:SAMTOOLS_SORT
Jul-17 11:30:31.200 [main] DEBUG nextflow.processor.TaskProcessor - Starting process > NFCORE_VIRALRECON:ILLUMINA:FASTQ_ALIGN_BOWTIE2:BAM_SORT_STATS_SAMTOOLS:SAMTOOLS_INDEX
Jul-17 11:30:31.200 [main] DEBUG nextflow.processor.TaskProcessor - Starting process > NFCORE_VIRALRECON:ILLUMINA:FASTQ_ALIGN_BOWTIE2:BAM_SORT_STATS_SAMTOOLS:BAM_STATS_SAMTOOLS:SAMTOOLS_STATS
Jul-17 11:30:31.201 [main] DEBUG nextflow.processor.TaskProcessor - Starting process > NFCORE_VIRALRECON:ILLUMINA:FASTQ_ALIGN_BOWTIE2:BAM_SORT_STATS_SAMTOOLS:BAM_STATS_SAMTOOLS:SAMTOOLS_FLAGSTAT
Jul-17 11:30:31.201 [main] DEBUG nextflow.processor.TaskProcessor - Starting process > NFCORE_VIRALRECON:ILLUMINA:FASTQ_ALIGN_BOWTIE2:BAM_SORT_STATS_SAMTOOLS:BAM_STATS_SAMTOOLS:SAMTOOLS_IDXSTATS
Jul-17 11:30:31.201 [main] DEBUG nextflow.processor.TaskProcessor - Starting process > NFCORE_VIRALRECON:ILLUMINA:BAM_TRIM_PRIMERS_IVAR:IVAR_TRIM
Jul-17 11:30:31.201 [main] DEBUG nextflow.processor.TaskProcessor - Starting process > NFCORE_VIRALRECON:ILLUMINA:BAM_TRIM_PRIMERS_IVAR:BAM_SORT_STATS_SAMTOOLS:SAMTOOLS_SORT
Jul-17 11:30:31.202 [main] DEBUG nextflow.processor.TaskProcessor - Starting process > NFCORE_VIRALRECON:ILLUMINA:BAM_TRIM_PRIMERS_IVAR:BAM_SORT_STATS_SAMTOOLS:SAMTOOLS_INDEX
Jul-17 11:30:31.202 [main] DEBUG nextflow.processor.TaskProcessor - Starting process > NFCORE_VIRALRECON:ILLUMINA:BAM_TRIM_PRIMERS_IVAR:BAM_SORT_STATS_SAMTOOLS:BAM_STATS_SAMTOOLS:SAMTOOLS_STATS
Jul-17 11:30:31.202 [main] DEBUG nextflow.processor.TaskProcessor - Starting process > NFCORE_VIRALRECON:ILLUMINA:BAM_TRIM_PRIMERS_IVAR:BAM_SORT_STATS_SAMTOOLS:BAM_STATS_SAMTOOLS:SAMTOOLS_FLAGSTAT
Jul-17 11:30:31.202 [main] DEBUG nextflow.processor.TaskProcessor - Starting process > NFCORE_VIRALRECON:ILLUMINA:BAM_TRIM_PRIMERS_IVAR:BAM_SORT_STATS_SAMTOOLS:BAM_STATS_SAMTOOLS:SAMTOOLS_IDXSTATS
Jul-17 11:30:31.204 [main] DEBUG nextflow.processor.TaskProcessor - Starting process > NFCORE_VIRALRECON:ILLUMINA:PICARD_COLLECTMULTIPLEMETRICS
Jul-17 11:30:31.204 [main] DEBUG nextflow.processor.TaskProcessor - Starting process > NFCORE_VIRALRECON:ILLUMINA:MOSDEPTH_GENOME
Jul-17 11:30:31.205 [main] DEBUG nextflow.processor.TaskProcessor - Starting process > NFCORE_VIRALRECON:ILLUMINA:PLOT_MOSDEPTH_REGIONS_GENOME
Jul-17 11:30:31.205 [main] DEBUG nextflow.processor.TaskProcessor - Starting process > NFCORE_VIRALRECON:ILLUMINA:MOSDEPTH_AMPLICON
Jul-17 11:30:31.205 [main] DEBUG nextflow.processor.TaskProcessor - Starting process > NFCORE_VIRALRECON:ILLUMINA:PLOT_MOSDEPTH_REGIONS_AMPLICON
Jul-17 11:30:31.205 [main] DEBUG nextflow.processor.TaskProcessor - Starting process > NFCORE_VIRALRECON:ILLUMINA:VARIANTS_IVAR:IVAR_VARIANTS
Jul-17 11:30:31.205 [main] DEBUG nextflow.processor.TaskProcessor - Starting process > NFCORE_VIRALRECON:ILLUMINA:VARIANTS_IVAR:IVAR_VARIANTS_TO_VCF
Jul-17 11:30:31.205 [main] DEBUG nextflow.processor.TaskProcessor - Starting process > NFCORE_VIRALRECON:ILLUMINA:VARIANTS_IVAR:BCFTOOLS_SORT
Jul-17 11:30:31.206 [main] DEBUG nextflow.processor.TaskProcessor - Starting process > NFCORE_VIRALRECON:ILLUMINA:VARIANTS_IVAR:VCF_TABIX_STATS:TABIX_TABIX
Jul-17 11:30:31.206 [main] DEBUG nextflow.processor.TaskProcessor - Starting process > NFCORE_VIRALRECON:ILLUMINA:VARIANTS_IVAR:VCF_TABIX_STATS:BCFTOOLS_STATS
Jul-17 11:30:31.206 [main] DEBUG nextflow.processor.TaskProcessor - Starting process > NFCORE_VIRALRECON:ILLUMINA:VARIANTS_IVAR:VARIANTS_QC:SNPEFF_SNPSIFT:SNPEFF_ANN
Jul-17 11:30:31.207 [main] DEBUG nextflow.processor.TaskProcessor - Starting process > NFCORE_VIRALRECON:ILLUMINA:VARIANTS_IVAR:VARIANTS_QC:SNPEFF_SNPSIFT:VCF_BGZIP_TABIX_STATS:TABIX_BGZIP
Jul-17 11:30:31.207 [main] DEBUG nextflow.processor.TaskProcessor - Starting process > NFCORE_VIRALRECON:ILLUMINA:VARIANTS_IVAR:VARIANTS_QC:SNPEFF_SNPSIFT:VCF_BGZIP_TABIX_STATS:VCF_TABIX_STATS:TABIX_TABIX
Jul-17 11:30:31.207 [main] DEBUG nextflow.processor.TaskProcessor - Starting process > NFCORE_VIRALRECON:ILLUMINA:VARIANTS_IVAR:VARIANTS_QC:SNPEFF_SNPSIFT:VCF_BGZIP_TABIX_STATS:VCF_TABIX_STATS:BCFTOOLS_STATS
Jul-17 11:30:31.207 [main] DEBUG nextflow.processor.TaskProcessor - Starting process > NFCORE_VIRALRECON:ILLUMINA:VARIANTS_IVAR:VARIANTS_QC:SNPEFF_SNPSIFT:SNPSIFT_EXTRACTFIELDS
Jul-17 11:30:31.208 [main] DEBUG nextflow.processor.TaskProcessor - Starting process > NFCORE_VIRALRECON:ILLUMINA:VARIANTS_IVAR:VARIANTS_QC:ASCIIGENOME
Jul-17 11:30:31.208 [main] DEBUG nextflow.processor.TaskProcessor - Starting process > NFCORE_VIRALRECON:ILLUMINA:CONSENSUS_IVAR:IVAR_CONSENSUS
Jul-17 11:30:31.208 [main] DEBUG nextflow.processor.TaskProcessor - Starting process > NFCORE_VIRALRECON:ILLUMINA:CONSENSUS_IVAR:CONSENSUS_QC:QUAST
Jul-17 11:30:31.208 [main] DEBUG nextflow.processor.TaskProcessor - Starting process > NFCORE_VIRALRECON:ILLUMINA:CONSENSUS_IVAR:CONSENSUS_QC:PLOT_BASE_DENSITY
Jul-17 11:30:31.209 [main] DEBUG nextflow.processor.TaskProcessor - Starting process > NFCORE_VIRALRECON:ILLUMINA:VARIANTS_LONG_TABLE:BCFTOOLS_QUERY
Jul-17 11:30:31.209 [main] DEBUG nextflow.processor.TaskProcessor - Starting process > NFCORE_VIRALRECON:ILLUMINA:VARIANTS_LONG_TABLE:MAKE_VARIANTS_LONG_TABLE
Jul-17 11:30:31.210 [main] DEBUG nextflow.processor.TaskProcessor - Starting process > NFCORE_VIRALRECON:ILLUMINA:CUSTOM_DUMPSOFTWAREVERSIONS
Jul-17 11:30:31.211 [main] DEBUG nextflow.processor.TaskProcessor - Starting process > NFCORE_VIRALRECON:ILLUMINA:MULTIQC
Jul-17 11:30:31.213 [Actor Thread 394] DEBUG nextflow.file.SortFileCollector - FileCollector temp dir not removed: null
Jul-17 11:30:31.213 [main] DEBUG nextflow.script.ScriptRunner - Parsed script files:
  Script_171f56be792dd032: /scratch/alpine/rtk24@colostate.edu/assets/nf-core/viralrecon/./workflows/../subworkflows/local/./../../modules/nf-core/abacas/main.nf
  Script_392e714dbe8a1df6: /scratch/alpine/rtk24@colostate.edu/assets/nf-core/viralrecon/./workflows/../subworkflows/local/../../modules/nf-core/fastqc/main.nf
  Script_e5c8e282196fb75b: /scratch/alpine/rtk24@colostate.edu/assets/nf-core/viralrecon/./workflows/../subworkflows/local/./../../modules/local/filter_blastn.nf
  Script_82832e4f78731dc7: /scratch/alpine/rtk24@colostate.edu/assets/nf-core/viralrecon/./workflows/../subworkflows/local/././../../modules/local/snpsift_extractfields.nf
  Script_4ae97b6c4de15968: /scratch/alpine/rtk24@colostate.edu/assets/nf-core/viralrecon/./workflows/../subworkflows/local/../../modules/local/kraken2_build.nf
  Script_afe2a5128af617ec: /scratch/alpine/rtk24@colostate.edu/assets/nf-core/viralrecon/./workflows/../modules/nf-core/mosdepth/main.nf
  Script_5a9d552c62a087ee: /scratch/alpine/rtk24@colostate.edu/assets/nf-core/viralrecon/./workflows/../subworkflows/local/../../modules/nf-core/bandage/image/main.nf
  Script_9eaf890fa8a7af97: /scratch/alpine/rtk24@colostate.edu/assets/nf-core/viralrecon/./workflows/../subworkflows/local/./../../modules/local/asciigenome.nf
  Script_50b41f6826c95502: /scratch/alpine/rtk24@colostate.edu/assets/nf-core/viralrecon/./workflows/../subworkflows/local/../../modules/nf-core/bowtie2/build/main.nf
  Script_cc13f936b26c353f: /scratch/alpine/rtk24@colostate.edu/assets/nf-core/viralrecon/./workflows/../subworkflows/local/../nf-core/bam_sort_stats_samtools/main.nf
  Script_cff2a19c060594ab: /scratch/alpine/rtk24@colostate.edu/assets/nf-core/viralrecon/./workflows/../subworkflows/local/./variants_qc.nf
  Script_c51a3e306ca4c7aa: /scratch/alpine/rtk24@colostate.edu/assets/nf-core/viralrecon/./workflows/../subworkflows/local/bam_trim_primers_ivar.nf
  Script_1163f0f7340cba96: /scratch/alpine/rtk24@colostate.edu/assets/nf-core/viralrecon/./workflows/../subworkflows/local/../../modules/nf-core/bcftools/mpileup/main.nf
  Script_7a3e19921fa26aec: /scratch/alpine/rtk24@colostate.edu/assets/nf-core/viralrecon/./workflows/../subworkflows/local/./../../modules/nf-core/pangolin/main.nf
  Script_cc2526b718012024: /scratch/alpine/rtk24@colostate.edu/assets/nf-core/viralrecon/./workflows/../modules/local/multiqc_illumina.nf
  Script_bbf547d8dba4eb76: /scratch/alpine/rtk24@colostate.edu/assets/nf-core/viralrecon/./workflows/../subworkflows/local/./../../modules/nf-core/blast/blastn/main.nf
  Script_f82ba87ff21585e1: /scratch/alpine/rtk24@colostate.edu/assets/nf-core/viralrecon/./workflows/../subworkflows/local/./../../modules/local/plot_base_density.nf
  Script_b99f81f3247c1b22: /scratch/alpine/rtk24@colostate.edu/assets/nf-core/viralrecon/./workflows/../subworkflows/local/../../modules/nf-core/gunzip/main.nf
  Script_98b09c3b35046f13: /scratch/alpine/rtk24@colostate.edu/assets/nf-core/viralrecon/./workflows/../subworkflows/local/../../modules/local/samplesheet_check.nf
  Script_1d7f44b8ee00eb23: /scratch/alpine/rtk24@colostate.edu/assets/nf-core/viralrecon/./workflows/../subworkflows/local/../../modules/local/rename_fasta_header.nf
  Script_813f8bd24f68044c: /scratch/alpine/rtk24@colostate.edu/assets/nf-core/viralrecon/./workflows/../subworkflows/nf-core/fastq_align_bowtie2/../bam_sort_stats_samtools/../bam_stats_samtools/../../../modules/nf-core/samtools/flagstat/main.nf
  Script_0e1385d55e695123: /scratch/alpine/rtk24@colostate.edu/assets/nf-core/viralrecon/./workflows/../subworkflows/local/../../modules/nf-core/bcftools/sort/main.nf
  Script_212886b35bdb8b3e: /scratch/alpine/rtk24@colostate.edu/assets/nf-core/viralrecon/./workflows/../subworkflows/local/variants_long_table.nf
  Script_622d4b2a91e75ea6: /scratch/alpine/rtk24@colostate.edu/assets/nf-core/viralrecon/./workflows/../subworkflows/nf-core/fastq_align_bowtie2/../bam_sort_stats_samtools/../../../modules/nf-core/samtools/index/main.nf
  Script_7527dacac01b0a6d: /scratch/alpine/rtk24@colostate.edu/assets/nf-core/viralrecon/./workflows/../subworkflows/local/./vcf_tabix_stats.nf
  Script_0df5d5439880a542: /scratch/alpine/rtk24@colostate.edu/assets/nf-core/viralrecon/./workflows/../subworkflows/local/assembly_spades.nf
  Script_dd40e7ee19caedbd: /scratch/alpine/rtk24@colostate.edu/assets/nf-core/viralrecon/./workflows/../subworkflows/local/././././../../modules/nf-core/tabix/tabix/main.nf
  Script_e67131615ff8f59b: /scratch/alpine/rtk24@colostate.edu/assets/nf-core/viralrecon/./workflows/../subworkflows/local/./../../modules/nf-core/nextclade/run/main.nf
  Script_eb68c3e575f8fcdb: /scratch/alpine/rtk24@colostate.edu/assets/nf-core/viralrecon/./workflows/../subworkflows/local/consensus_bcftools.nf
  Script_edfe1f1a3349a1ba: /scratch/alpine/rtk24@colostate.edu/assets/nf-core/viralrecon/./workflows/../subworkflows/local/prepare_genome_illumina.nf
  Script_0c5ebca7ad03f851: /scratch/alpine/rtk24@colostate.edu/assets/nf-core/viralrecon/./workflows/../subworkflows/nf-core/bam_markduplicates_picard/../../../modules/nf-core/picard/markduplicates/main.nf
  Script_f560ba5b2809315b: /scratch/alpine/rtk24@colostate.edu/assets/nf-core/viralrecon/./workflows/../modules/nf-core/custom/dumpsoftwareversions/main.nf
  Script_67767acafb3ca123: /scratch/alpine/rtk24@colostate.edu/assets/nf-core/viralrecon/./workflows/../subworkflows/local/././../../modules/local/snpeff_ann.nf
  Script_d7295afec28f0af7: /scratch/alpine/rtk24@colostate.edu/assets/nf-core/viralrecon/./workflows/../subworkflows/local/fastq_trim_fastp_fastqc.nf
  Script_ddee89947b9fac93: /scratch/alpine/rtk24@colostate.edu/assets/nf-core/viralrecon/./workflows/../subworkflows/local/../../modules/nf-core/bedtools/getfasta/main.nf
  Script_0f06d4e9cb0c04fd: /scratch/alpine/rtk24@colostate.edu/assets/nf-core/viralrecon/./workflows/../subworkflows/local/../../modules/nf-core/fastp/main.nf
  Script_78f752979dec5aaa: /scratch/alpine/rtk24@colostate.edu/assets/nf-core/viralrecon/./workflows/../subworkflows/local/./../../modules/nf-core/quast/main.nf
  Script_bc1513495600293b: /scratch/alpine/rtk24@colostate.edu/assets/nf-core/viralrecon/./workflows/../subworkflows/local/../../modules/local/make_variants_long_table.nf
  Script_c01951670e23583f: /scratch/alpine/rtk24@colostate.edu/assets/nf-core/viralrecon/./workflows/../subworkflows/local/././snpeff_snpsift.nf
  Script_161e0fc774636b4d: /scratch/alpine/rtk24@colostate.edu/assets/nf-core/viralrecon/./workflows/../subworkflows/local/../../modules/nf-core/bcftools/filter/main.nf
  Script_653df7ce942ce029: /scratch/alpine/rtk24@colostate.edu/assets/nf-core/viralrecon/./workflows/../subworkflows/local/./././vcf_bgzip_tabix_stats.nf
  Script_3936c78ef9aedf26: /scratch/alpine/rtk24@colostate.edu/assets/nf-core/viralrecon/./workflows/../subworkflows/local/../../modules/nf-core/ivar/variants/main.nf
  Script_f9bc8fbc66fea321: /scratch/alpine/rtk24@colostate.edu/assets/nf-core/viralrecon/./workflows/../subworkflows/local/../../modules/local/collapse_primers.nf
  Script_582e23b0fa8893c0: /scratch/alpine/rtk24@colostate.edu/assets/nf-core/viralrecon/./workflows/../subworkflows/local/./consensus_qc.nf
  Script_0c90d264a51bc64b: /scratch/alpine/rtk24@colostate.edu/assets/nf-core/viralrecon/./workflows/../subworkflows/local/../../modules/nf-core/bedtools/merge/main.nf
  Script_dbeb776b6996f1b0: /scratch/alpine/rtk24@colostate.edu/assets/nf-core/viralrecon/./workflows/../subworkflows/local/./../../modules/nf-core/plasmidid/main.nf
  Script_d049e4333c2db68e: /scratch/alpine/rtk24@colostate.edu/assets/nf-core/viralrecon/./workflows/../subworkflows/local/../../modules/nf-core/bcftools/norm/main.nf
  Script_e69457c5a9478b12: /scratch/alpine/rtk24@colostate.edu/assets/nf-core/viralrecon/./workflows/../subworkflows/local/../../modules/local/snpeff_build.nf
  Script_509677ea22863b9c: /scratch/alpine/rtk24@colostate.edu/assets/nf-core/viralrecon/./workflows/../subworkflows/local/../../modules/nf-core/bcftools/query/main.nf
  Script_524f102e8e077dc3: /scratch/alpine/rtk24@colostate.edu/assets/nf-core/viralrecon/./workflows/../subworkflows/local/input_check.nf
  Script_747a639779ec3d31: /scratch/alpine/rtk24@colostate.edu/assets/nf-core/viralrecon/./workflows/../subworkflows/local/././././../../modules/nf-core/bcftools/stats/main.nf
  Script_6e7e3ea92560e94a: /scratch/alpine/rtk24@colostate.edu/assets/nf-core/viralrecon/./workflows/../subworkflows/local/../nf-core/bam_sort_stats_samtools/../bam_stats_samtools/main.nf
  Script_505ec9861459c120: /scratch/alpine/rtk24@colostate.edu/assets/nf-core/viralrecon/./workflows/../subworkflows/local/./././../../modules/nf-core/tabix/bgzip/main.nf
  Script_b7eabc0280d0f6de: /scratch/alpine/rtk24@colostate.edu/assets/nf-core/viralrecon/./workflows/../subworkflows/local/../../modules/nf-core/spades/main.nf
  Script_6ced4aca7f503e1e: /scratch/alpine/rtk24@colostate.edu/assets/nf-core/viralrecon/./workflows/../subworkflows/local/../../modules/nf-core/minia/main.nf
  Script_08e8120406c42c87: /scratch/alpine/rtk24@colostate.edu/assets/nf-core/viralrecon/./workflows/../subworkflows/nf-core/fastq_align_bowtie2/../bam_sort_stats_samtools/../bam_stats_samtools/../../../modules/nf-core/samtools/stats/main.nf
  Script_d9f37cc7b6553f2c: /scratch/alpine/rtk24@colostate.edu/assets/nf-core/viralrecon/./workflows/../modules/nf-core/kraken2/kraken2/main.nf
  Script_cb211c549341a328: /scratch/alpine/rtk24@colostate.edu/assets/nf-core/viralrecon/./workflows/../subworkflows/nf-core/bam_markduplicates_picard/../bam_stats_samtools/../../../modules/nf-core/samtools/idxstats/main.nf
  Script_9f7e885c36e49ade: /scratch/alpine/rtk24@colostate.edu/assets/nf-core/viralrecon/./workflows/../subworkflows/local/variants_ivar.nf
  Script_dd1c43c2a0597b3b: /scratch/alpine/rtk24@colostate.edu/assets/nf-core/viralrecon/./workflows/../subworkflows/local/../../modules/nf-core/bcftools/consensus/main.nf
  Script_043409e31d8b9164: /scratch/alpine/rtk24@colostate.edu/assets/nf-core/viralrecon/./workflows/../subworkflows/local/variants_bcftools.nf
  Script_0aaf4911c5a2ee55: /scratch/alpine/rtk24@colostate.edu/assets/nf-core/viralrecon/./workflows/../modules/local/plot_mosdepth_regions.nf
  Script_a4cc5b311d906ff4: /scratch/alpine/rtk24@colostate.edu/assets/nf-core/viralrecon/./workflows/../subworkflows/local/assembly_minia.nf
  Script_c5947f9108c123ff: /scratch/alpine/rtk24@colostate.edu/assets/nf-core/viralrecon/./workflows/../subworkflows/local/../../modules/nf-core/nextclade/datasetget/main.nf
  Script_dbfcd99b4643d9a2: /scratch/alpine/rtk24@colostate.edu/assets/nf-core/viralrecon/./workflows/../subworkflows/nf-core/bam_markduplicates_picard/main.nf
  Script_3e99caba1ee271cd: /scratch/alpine/rtk24@colostate.edu/assets/nf-core/viralrecon/./workflows/../subworkflows/local/../../modules/nf-core/bedtools/maskfasta/main.nf
  Script_3da931254dea4372: /scratch/alpine/rtk24@colostate.edu/assets/nf-core/viralrecon/./workflows/../modules/local/cutadapt.nf
  Script_f9a3f3717ec9abf7: /scratch/alpine/rtk24@colostate.edu/assets/nf-core/viralrecon/./workflows/../modules/nf-core/picard/collectmultiplemetrics/main.nf
  Script_95a000d7314a53ff: /scratch/alpine/rtk24@colostate.edu/assets/nf-core/viralrecon/./workflows/../subworkflows/local/./assembly_qc.nf
  Script_7ddd67a51b3ad523: /scratch/alpine/rtk24@colostate.edu/assets/nf-core/viralrecon/main.nf
  Script_c45bc812e1d5f5cb: /scratch/alpine/rtk24@colostate.edu/assets/nf-core/viralrecon/./workflows/../subworkflows/nf-core/fastq_align_bowtie2/../bam_sort_stats_samtools/../../../modules/nf-core/samtools/sort/main.nf
  Script_91738e59e65f95b5: /scratch/alpine/rtk24@colostate.edu/assets/nf-core/viralrecon/./workflows/../modules/nf-core/cat/fastq/main.nf
  Script_143639a160311391: /scratch/alpine/rtk24@colostate.edu/assets/nf-core/viralrecon/./workflows/../subworkflows/local/assembly_unicycler.nf
  Script_cb35c946a46bb082: /scratch/alpine/rtk24@colostate.edu/assets/nf-core/viralrecon/./workflows/../subworkflows/local/../../modules/local/make_bed_mask.nf
  Script_cdf3da412293fa45: /scratch/alpine/rtk24@colostate.edu/assets/nf-core/viralrecon/./workflows/../subworkflows/local/../../modules/nf-core/untar/main.nf
  Script_ae0a281286baa19e: /scratch/alpine/rtk24@colostate.edu/assets/nf-core/viralrecon/./workflows/../subworkflows/local/../../modules/local/ivar_variants_to_vcf.nf
  Script_bf272342dd9add44: /scratch/alpine/rtk24@colostate.edu/assets/nf-core/viralrecon/./workflows/../subworkflows/local/../../modules/nf-core/blast/makeblastdb/main.nf
  Script_5e602e6befe4adc6: /scratch/alpine/rtk24@colostate.edu/assets/nf-core/viralrecon/./workflows/../subworkflows/local/../../modules/nf-core/custom/getchromsizes/main.nf
  Script_fa87eec1e33566a9: /scratch/alpine/rtk24@colostate.edu/assets/nf-core/viralrecon/./workflows/../subworkflows/nf-core/fastq_align_bowtie2/main.nf
  Script_9542053f40d7b8d9: /scratch/alpine/rtk24@colostate.edu/assets/nf-core/viralrecon/./workflows/../subworkflows/nf-core/fastq_align_bowtie2/../../../modules/nf-core/bowtie2/align/main.nf
  Script_e0924165c0b96bdf: /scratch/alpine/rtk24@colostate.edu/assets/nf-core/viralrecon/./workflows/../subworkflows/local/../../modules/nf-core/ivar/consensus/main.nf
  Script_9b7486b9ec30328b: /scratch/alpine/rtk24@colostate.edu/assets/nf-core/viralrecon/./workflows/../subworkflows/local/consensus_ivar.nf
  Script_6a4e2158c1b55792: /scratch/alpine/rtk24@colostate.edu/assets/nf-core/viralrecon/./workflows/../subworkflows/local/../../modules/nf-core/unicycler/main.nf
  Script_2455faffc6e9a0ac: /scratch/alpine/rtk24@colostate.edu/assets/nf-core/viralrecon/./workflows/../subworkflows/local/../../modules/nf-core/ivar/trim/main.nf
  Script_b5dd8be0b54c663e: /scratch/alpine/rtk24@colostate.edu/assets/nf-core/viralrecon/./workflows/illumina.nf
Jul-17 11:30:31.213 [main] DEBUG nextflow.script.ScriptRunner - > Awaiting termination 
Jul-17 11:30:31.213 [main] DEBUG nextflow.Session - Session await
Jul-17 11:30:31.276 [Actor Thread 409] DEBUG nextflow.container.SingularityCache - Singularity found local store for image=https://depot.galaxyproject.org/singularity/snpeff:5.0--hdfd78af_1; path=/scratch/alpine/rtk24@colostate.edu/.singularity_cache/depot.galaxyproject.org-singularity-snpeff-5.0--hdfd78af_1.img
Jul-17 11:30:31.276 [Actor Thread 407] DEBUG nextflow.container.SingularityCache - Singularity found local store for image=https://depot.galaxyproject.org/singularity/python:3.9--1; path=/scratch/alpine/rtk24@colostate.edu/.singularity_cache/depot.galaxyproject.org-singularity-python-3.9--1.img
Jul-17 11:30:31.276 [Actor Thread 408] DEBUG nextflow.container.SingularityCache - Singularity found local store for image=https://depot.galaxyproject.org/singularity/bowtie2:2.4.4--py39hbb4e92a_0; path=/scratch/alpine/rtk24@colostate.edu/.singularity_cache/depot.galaxyproject.org-singularity-bowtie2-2.4.4--py39hbb4e92a_0.img
Jul-17 11:30:31.276 [Actor Thread 410] DEBUG nextflow.container.SingularityCache - Singularity found local store for image=https://depot.galaxyproject.org/singularity/samtools:1.16.1--h6899075_1; path=/scratch/alpine/rtk24@colostate.edu/.singularity_cache/depot.galaxyproject.org-singularity-samtools-1.16.1--h6899075_1.img
Jul-17 11:30:31.289 [Actor Thread 331] DEBUG nextflow.util.HashBuilder - Hash asset file sha-256: /scratch/alpine/rtk24@colostate.edu/assets/nf-core/viralrecon/bin/check_samplesheet.py
Jul-17 11:30:31.289 [Actor Thread 329] DEBUG nextflow.util.HashBuilder - Hash asset file sha-256: /scratch/alpine/rtk24@colostate.edu/assets/nf-core/viralrecon/bin/collapse_primer_bed.py
Jul-17 11:30:31.414 [Actor Thread 402] DEBUG nextflow.sort.BigSort - Sort completed -- entries: 1; slices: 1; internal sort time: 0.001 s; external sort time: 0.055 s; total time: 0.056 s
Jul-17 11:30:31.415 [Actor Thread 402] DEBUG nextflow.file.FileCollector - >> temp file exists? false
Jul-17 11:30:31.416 [Actor Thread 402] DEBUG nextflow.file.FileCollector - Missed collect-file cache -- cause: java.nio.file.NoSuchFileException: /scratch/alpine/rtk24@colostate.edu/collect-file/07b047b0dff242af821e5f33e98b30fe
Jul-17 11:30:31.428 [Actor Thread 402] DEBUG nextflow.file.FileCollector - Saved collect-files list to: /scratch/alpine/rtk24@colostate.edu/collect-file/07b047b0dff242af821e5f33e98b30fe
Jul-17 11:30:31.436 [Actor Thread 402] DEBUG nextflow.file.FileCollector - Deleting file collector temp dir: /scratch/alpine/rtk24@colostate.edu/nxf-3886717529135374976
Jul-17 11:30:31.517 [Task submitter] DEBUG n.executor.local.LocalTaskHandler - Launch cmd line: /bin/bash -ue .command.run
Jul-17 11:30:31.518 [Task submitter] INFO  nextflow.Session - [0a/6a58b7] Submitted process > NFCORE_VIRALRECON:ILLUMINA:PREPARE_GENOME:CUSTOM_GETCHROMSIZES (west_nile_virus.fasta)
Jul-17 11:30:31.523 [Task submitter] DEBUG nextflow.processor.TaskProcessor - Handling unexpected condition for
  task: name=NFCORE_VIRALRECON:ILLUMINA:PREPARE_GENOME:COLLAPSE_PRIMERS (WNVic.primers_NC_009942_1.bed); work-dir=/scratch/alpine/rtk24@colostate.edu/2f/f4616c10435a7b2d58ca6bcced091c
  error [nextflow.exception.ProcessUnrecoverableException]: Process requirement exceeds available memory -- req: 36 GB; avail: 12 GB
Jul-17 11:30:31.560 [Task submitter] DEBUG nextflow.processor.TaskRun - Unable to dump error of process 'NFCORE_VIRALRECON:ILLUMINA:PREPARE_GENOME:COLLAPSE_PRIMERS (WNVic.primers_NC_009942_1.bed)' -- Cause: java.nio.file.NoSuchFileException: /scratch/alpine/rtk24@colostate.edu/2f/f4616c10435a7b2d58ca6bcced091c/.command.log
Jul-17 11:30:31.562 [Task submitter] ERROR nextflow.processor.TaskProcessor - Error executing process > 'NFCORE_VIRALRECON:ILLUMINA:PREPARE_GENOME:COLLAPSE_PRIMERS (WNVic.primers_NC_009942_1.bed)'

Caused by:
  Process requirement exceeds available memory -- req: 36 GB; avail: 12 GB


Command executed:

  collapse_primer_bed.py \
      --left_primer_suffix _LEFT \
      --right_primer_suffix _RIGHT \
      WNVic.primers_NC_009942_1.bed \
      WNVic.primers_NC_009942_1.collapsed.bed
  
  cat <<-END_VERSIONS > versions.yml
  "NFCORE_VIRALRECON:ILLUMINA:PREPARE_GENOME:COLLAPSE_PRIMERS":
      python: $(python --version | sed 's/Python //g')
  END_VERSIONS

Command exit status:
  -

Command output:
  (empty)

Work dir:
  /scratch/alpine/rtk24@colostate.edu/2f/f4616c10435a7b2d58ca6bcced091c

Tip: when you have fixed the problem you can continue the execution adding the option `-resume` to the run command line
Jul-17 11:30:31.563 [Task submitter] INFO  nextflow.Session - Execution cancelled -- Finishing pending tasks before exit
Jul-17 11:30:31.587 [main] DEBUG nextflow.Session - Session await > all processes finished
Jul-17 11:30:31.648 [Actor Thread 630] DEBUG nextflow.file.SortFileCollector - FileCollector temp dir not removed: null
Jul-17 11:30:31.648 [Actor Thread 634] DEBUG nextflow.file.SortFileCollector - FileCollector temp dir not removed: null
Jul-17 11:30:31.649 [Actor Thread 636] DEBUG nextflow.file.SortFileCollector - FileCollector temp dir not removed: null
Jul-17 11:30:32.365 [Task monitor] DEBUG n.processor.TaskPollingMonitor - Task completed > TaskHandler[id: 1; name: NFCORE_VIRALRECON:ILLUMINA:PREPARE_GENOME:CUSTOM_GETCHROMSIZES (west_nile_virus.fasta); status: COMPLETED; exit: 0; error: -; workDir: /scratch/alpine/rtk24@colostate.edu/0a/6a58b7b7411e5d4d85c96df3cbb8f6]
Jul-17 11:30:32.367 [Task monitor] DEBUG n.processor.TaskPollingMonitor - <<< barrier arrives (monitor: local) - terminating tasks monitor poll loop
Jul-17 11:30:32.367 [main] DEBUG nextflow.Session - Session await > all barriers passed
Jul-17 11:30:32.447 [TaskFinalizer-1] DEBUG nextflow.processor.TaskProcessor - Process NFCORE_VIRALRECON:ILLUMINA:PREPARE_GENOME:CUSTOM_GETCHROMSIZES > Skipping output binding because one or more optional files are missing: fileoutparam<2:1>
Jul-17 11:30:32.461 [main] DEBUG nextflow.util.ThreadPoolManager - Thread pool 'TaskFinalizer' shutdown completed (hard=false)
Jul-17 11:30:32.466 [main] INFO  nextflow.Nextflow - -[0;35m[nf-core/viralrecon][0;31m Pipeline completed with errors[0m-
Jul-17 11:30:32.470 [main] DEBUG n.trace.WorkflowStatsObserver - Workflow completed > WorkflowStats[succeededCount=1; failedCount=1; ignoredCount=0; cachedCount=0; pendingCount=4; submittedCount=0; runningCount=-1; retriesCount=0; abortedCount=0; succeedDuration=0ms; failedDuration=0ms; cachedDuration=0ms;loadCpus=-6; loadMemory=0; peakRunning=1; peakCpus=1; peakMemory=6 GB; ]
Jul-17 11:30:32.470 [main] DEBUG nextflow.trace.TraceFileObserver - Workflow completed -- saving trace file
Jul-17 11:30:32.473 [main] DEBUG nextflow.trace.ReportObserver - Workflow completed -- rendering execution report
Jul-17 11:30:33.066 [main] DEBUG nextflow.trace.TimelineObserver - Workflow completed -- rendering execution timeline
Jul-17 11:30:33.460 [main] DEBUG nextflow.cache.CacheDB - Closing CacheDB done
Jul-17 11:30:33.627 [main] INFO  org.pf4j.AbstractPluginManager - Stop plugin 'nf-amazon@2.5.3'
Jul-17 11:30:33.627 [main] DEBUG nextflow.plugin.BasePlugin - Plugin stopped nf-amazon
Jul-17 11:30:33.628 [main] DEBUG nextflow.util.ThreadPoolManager - Thread pool 'FileTransfer' shutdown completed (hard=false)
Jul-17 11:30:33.629 [main] DEBUG nextflow.script.ScriptRunner - > Execution complete -- Goodbye
